{"/Users/felipepena/code/culturas-api/src/app.controller.ts": {"path":"/Users/felipepena/code/culturas-api/src/app.controller.ts","statementMap":{"0":{"start":{"line":1,"column":0},"end":{"line":1,"column":49}},"1":{"start":{"line":2,"column":0},"end":{"line":2,"column":43}},"2":{"start":{"line":5,"column":0},"end":{"line":12,"column":null}},"3":{"start":{"line":6,"column":31},"end":{"line":6,"column":43}},"4":{"start":{"line":10,"column":4},"end":{"line":10,"column":38}},"5":{"start":{"line":9,"column":2},"end":{"line":11,"column":null}},"6":{"start":{"line":5,"column":13},"end":{"line":12,"column":null}},"7":{"start":{"line":5,"column":13},"end":{"line":5,"column":26}}},"fnMap":{"0":{"name":"(anonymous_2)","decl":{"start":{"line":6,"column":2},"end":{"line":6,"column":31}},"loc":{"start":{"line":6,"column":53},"end":{"line":6,"column":57}}},"1":{"name":"(anonymous_3)","decl":{"start":{"line":9,"column":2},"end":{"line":9,"column":10}},"loc":{"start":{"line":9,"column":10},"end":{"line":11,"column":3}}}},"branchMap":{},"s":{"0":1,"1":1,"2":1,"3":1,"4":1,"5":1,"6":1,"7":1},"f":{"0":1,"1":1},"b":{}}
,"/Users/felipepena/code/culturas-api/src/app.module.ts": {"path":"/Users/felipepena/code/culturas-api/src/app.module.ts","statementMap":{"0":{"start":{"line":1,"column":0},"end":{"line":1,"column":71}},"1":{"start":{"line":2,"column":0},"end":{"line":2,"column":48}},"2":{"start":{"line":3,"column":0},"end":{"line":3,"column":40}},"3":{"start":{"line":4,"column":0},"end":{"line":4,"column":48}},"4":{"start":{"line":5,"column":0},"end":{"line":5,"column":49}},"5":{"start":{"line":6,"column":0},"end":{"line":6,"column":43}},"6":{"start":{"line":7,"column":0},"end":{"line":7,"column":57}},"7":{"start":{"line":8,"column":0},"end":{"line":8,"column":57}},"8":{"start":{"line":9,"column":0},"end":{"line":9,"column":54}},"9":{"start":{"line":10,"column":0},"end":{"line":10,"column":54}},"10":{"start":{"line":11,"column":0},"end":{"line":11,"column":77}},"11":{"start":{"line":12,"column":0},"end":{"line":12,"column":60}},"12":{"start":{"line":13,"column":0},"end":{"line":13,"column":60}},"13":{"start":{"line":14,"column":0},"end":{"line":14,"column":48}},"14":{"start":{"line":15,"column":0},"end":{"line":15,"column":69}},"15":{"start":{"line":16,"column":0},"end":{"line":16,"column":69}},"16":{"start":{"line":17,"column":0},"end":{"line":17,"column":89}},"17":{"start":{"line":18,"column":0},"end":{"line":18,"column":89}},"18":{"start":{"line":19,"column":0},"end":{"line":19,"column":92}},"19":{"start":{"line":20,"column":0},"end":{"line":20,"column":83}},"20":{"start":{"line":21,"column":0},"end":{"line":21,"column":48}},"21":{"start":{"line":22,"column":0},"end":{"line":22,"column":48}},"22":{"start":{"line":23,"column":0},"end":{"line":23,"column":48}},"23":{"start":{"line":24,"column":0},"end":{"line":24,"column":28}},"24":{"start":{"line":25,"column":0},"end":{"line":25,"column":46}},"25":{"start":{"line":69,"column":0},"end":{"line":69,"column":null}},"26":{"start":{"line":69,"column":13},"end":{"line":69,"column":null}},"27":{"start":{"line":69,"column":13},"end":{"line":69,"column":22}}},"fnMap":{},"branchMap":{},"s":{"0":0,"1":0,"2":0,"3":0,"4":0,"5":0,"6":0,"7":0,"8":0,"9":0,"10":0,"11":0,"12":0,"13":0,"14":0,"15":0,"16":0,"17":0,"18":0,"19":0,"20":0,"21":0,"22":0,"23":0,"24":0,"25":0,"26":0,"27":0},"f":{},"b":{}}
,"/Users/felipepena/code/culturas-api/src/app.service.ts": {"path":"/Users/felipepena/code/culturas-api/src/app.service.ts","statementMap":{"0":{"start":{"line":1,"column":0},"end":{"line":1,"column":44}},"1":{"start":{"line":4,"column":0},"end":{"line":8,"column":null}},"2":{"start":{"line":6,"column":4},"end":{"line":6,"column":26}},"3":{"start":{"line":4,"column":13},"end":{"line":8,"column":null}},"4":{"start":{"line":4,"column":13},"end":{"line":4,"column":23}}},"fnMap":{"0":{"name":"(anonymous_1)","decl":{"start":{"line":5,"column":2},"end":{"line":5,"column":10}},"loc":{"start":{"line":5,"column":10},"end":{"line":7,"column":3}}}},"branchMap":{},"s":{"0":1,"1":1,"2":1,"3":1,"4":1},"f":{"0":1},"b":{}}
,"/Users/felipepena/code/culturas-api/src/main.ts": {"path":"/Users/felipepena/code/culturas-api/src/main.ts","statementMap":{"0":{"start":{"line":1,"column":0},"end":{"line":1,"column":64}},"1":{"start":{"line":2,"column":0},"end":{"line":2,"column":43}},"2":{"start":{"line":3,"column":0},"end":{"line":3,"column":41}},"3":{"start":{"line":6,"column":14},"end":{"line":6,"column":49}},"4":{"start":{"line":7,"column":2},"end":{"line":11,"column":5}},"5":{"start":{"line":13,"column":2},"end":{"line":13,"column":43}},"6":{"start":{"line":15,"column":2},"end":{"line":15,"column":25}},"7":{"start":{"line":17,"column":0},"end":{"line":17,"column":12}}},"fnMap":{"0":{"name":"bootstrap","decl":{"start":{"line":5,"column":15},"end":{"line":5,"column":24}},"loc":{"start":{"line":5,"column":24},"end":{"line":16,"column":1}}}},"branchMap":{},"s":{"0":0,"1":0,"2":0,"3":0,"4":0,"5":0,"6":0,"7":0},"f":{"0":0},"b":{}}
,"/Users/felipepena/code/culturas-api/src/auth/auth.module.ts": {"path":"/Users/felipepena/code/culturas-api/src/auth/auth.module.ts","statementMap":{"0":{"start":{"line":1,"column":0},"end":{"line":1,"column":40}},"1":{"start":{"line":2,"column":0},"end":{"line":2,"column":45}},"2":{"start":{"line":3,"column":0},"end":{"line":3,"column":51}},"3":{"start":{"line":4,"column":0},"end":{"line":4,"column":52}},"4":{"start":{"line":5,"column":0},"end":{"line":5,"column":49}},"5":{"start":{"line":6,"column":0},"end":{"line":6,"column":50}},"6":{"start":{"line":7,"column":0},"end":{"line":7,"column":53}},"7":{"start":{"line":8,"column":0},"end":{"line":8,"column":56}},"8":{"start":{"line":9,"column":0},"end":{"line":9,"column":60}},"9":{"start":{"line":23,"column":0},"end":{"line":23,"column":null}},"10":{"start":{"line":23,"column":13},"end":{"line":23,"column":null}},"11":{"start":{"line":23,"column":13},"end":{"line":23,"column":23}}},"fnMap":{},"branchMap":{},"s":{"0":0,"1":0,"2":0,"3":0,"4":0,"5":0,"6":0,"7":0,"8":0,"9":0,"10":0,"11":0},"f":{},"b":{}}
,"/Users/felipepena/code/culturas-api/src/auth/auth.service.ts": {"path":"/Users/felipepena/code/culturas-api/src/auth/auth.service.ts","statementMap":{"0":{"start":{"line":2,"column":0},"end":{"line":2,"column":44}},"1":{"start":{"line":3,"column":0},"end":{"line":3,"column":41}},"2":{"start":{"line":4,"column":0},"end":{"line":4,"column":53}},"3":{"start":{"line":6,"column":0},"end":{"line":6,"column":51}},"4":{"start":{"line":9,"column":0},"end":{"line":31,"column":null}},"5":{"start":{"line":11,"column":12},"end":{"line":11,"column":26}},"6":{"start":{"line":12,"column":12},"end":{"line":12,"column":24}},"7":{"start":{"line":16,"column":23},"end":{"line":16,"column":64}},"8":{"start":{"line":17,"column":4},"end":{"line":20,"column":null}},"9":{"start":{"line":18,"column":38},"end":{"line":18,"column":42}},"10":{"start":{"line":18,"column":33},"end":{"line":18,"column":38}},"11":{"start":{"line":19,"column":6},"end":{"line":19,"column":20}},"12":{"start":{"line":21,"column":4},"end":{"line":21,"column":16}},"13":{"start":{"line":25,"column":20},"end":{"line":25,"column":93}},"14":{"start":{"line":26,"column":4},"end":{"line":28,"column":6}},"15":{"start":{"line":9,"column":13},"end":{"line":31,"column":null}},"16":{"start":{"line":9,"column":13},"end":{"line":9,"column":24}}},"fnMap":{"0":{"name":"(anonymous_3)","decl":{"start":{"line":10,"column":2},"end":{"line":10,"column":null}},"loc":{"start":{"line":12,"column":34},"end":{"line":13,"column":6}}},"1":{"name":"(anonymous_4)","decl":{"start":{"line":15,"column":2},"end":{"line":15,"column":7}},"loc":{"start":{"line":15,"column":55},"end":{"line":22,"column":3}}},"2":{"name":"(anonymous_5)","decl":{"start":{"line":24,"column":2},"end":{"line":24,"column":7}},"loc":{"start":{"line":24,"column":21},"end":{"line":29,"column":3}}}},"branchMap":{"0":{"loc":{"start":{"line":17,"column":4},"end":{"line":20,"column":null}},"type":"if","locations":[{"start":{"line":17,"column":4},"end":{"line":20,"column":null}}]},"1":{"loc":{"start":{"line":17,"column":8},"end":{"line":17,"column":42}},"type":"binary-expr","locations":[{"start":{"line":17,"column":8},"end":{"line":17,"column":12}},{"start":{"line":17,"column":16},"end":{"line":17,"column":42}}]}},"s":{"0":1,"1":1,"2":1,"3":1,"4":1,"5":2,"6":2,"7":0,"8":0,"9":0,"10":0,"11":0,"12":0,"13":0,"14":0,"15":1,"16":1},"f":{"0":2,"1":0,"2":0},"b":{"0":[0],"1":[0,0]}}
,"/Users/felipepena/code/culturas-api/src/auth/Decorators/roles.decorator.ts": {"path":"/Users/felipepena/code/culturas-api/src/auth/Decorators/roles.decorator.ts","statementMap":{"0":{"start":{"line":1,"column":0},"end":{"line":1,"column":45}},"1":{"start":{"line":4,"column":21},"end":{"line":4,"column":70}},"2":{"start":{"line":4,"column":43},"end":{"line":4,"column":70}},"3":{"start":{"line":4,"column":13},"end":{"line":4,"column":21}}},"fnMap":{"0":{"name":"(anonymous_0)","decl":{"start":{"line":4,"column":21},"end":{"line":4,"column":22}},"loc":{"start":{"line":4,"column":43},"end":{"line":4,"column":70}}}},"branchMap":{},"s":{"0":0,"1":0,"2":0,"3":0},"f":{"0":0},"b":{}}
,"/Users/felipepena/code/culturas-api/src/auth/guards/jwt-auth.guard.ts": {"path":"/Users/felipepena/code/culturas-api/src/auth/guards/jwt-auth.guard.ts","statementMap":{"0":{"start":{"line":1,"column":0},"end":{"line":1,"column":44}},"1":{"start":{"line":2,"column":0},"end":{"line":2,"column":45}},"2":{"start":{"line":5,"column":0},"end":{"line":6,"column":null}},"3":{"start":{"line":5,"column":13},"end":{"line":6,"column":null}},"4":{"start":{"line":5,"column":13},"end":{"line":5,"column":25}}},"fnMap":{},"branchMap":{},"s":{"0":0,"1":0,"2":0,"3":0,"4":0},"f":{},"b":{}}
,"/Users/felipepena/code/culturas-api/src/auth/guards/local-auth.guard.ts": {"path":"/Users/felipepena/code/culturas-api/src/auth/guards/local-auth.guard.ts","statementMap":{"0":{"start":{"line":1,"column":0},"end":{"line":1,"column":44}},"1":{"start":{"line":2,"column":0},"end":{"line":2,"column":45}},"2":{"start":{"line":5,"column":0},"end":{"line":7,"column":null}},"3":{"start":{"line":5,"column":13},"end":{"line":7,"column":null}},"4":{"start":{"line":5,"column":13},"end":{"line":5,"column":27}}},"fnMap":{},"branchMap":{},"s":{"0":1,"1":1,"2":1,"3":1,"4":1},"f":{},"b":{}}
,"/Users/felipepena/code/culturas-api/src/auth/guards/roles.guard.ts": {"path":"/Users/felipepena/code/culturas-api/src/auth/guards/roles.guard.ts","statementMap":{"0":{"start":{"line":1,"column":0},"end":{"line":1,"column":75}},"1":{"start":{"line":2,"column":0},"end":{"line":2,"column":41}},"2":{"start":{"line":6,"column":0},"end":{"line":20,"column":null}},"3":{"start":{"line":7,"column":22},"end":{"line":7,"column":33}},"4":{"start":{"line":10,"column":26},"end":{"line":13,"column":6}},"5":{"start":{"line":14,"column":4},"end":{"line":16,"column":null}},"6":{"start":{"line":15,"column":6},"end":{"line":15,"column":18}},"7":{"start":{"line":17,"column":21},"end":{"line":17,"column":56}},"8":{"start":{"line":18,"column":4},"end":{"line":18,"column":69}},"9":{"start":{"line":18,"column":40},"end":{"line":18,"column":68}},"10":{"start":{"line":6,"column":13},"end":{"line":20,"column":null}},"11":{"start":{"line":6,"column":13},"end":{"line":6,"column":23}}},"fnMap":{"0":{"name":"(anonymous_2)","decl":{"start":{"line":7,"column":2},"end":{"line":7,"column":22}},"loc":{"start":{"line":7,"column":42},"end":{"line":7,"column":46}}},"1":{"name":"(anonymous_3)","decl":{"start":{"line":9,"column":2},"end":{"line":9,"column":13}},"loc":{"start":{"line":9,"column":39},"end":{"line":19,"column":3}}},"2":{"name":"(anonymous_4)","decl":{"start":{"line":18,"column":30},"end":{"line":18,"column":31}},"loc":{"start":{"line":18,"column":39},"end":{"line":18,"column":68}}}},"branchMap":{"0":{"loc":{"start":{"line":14,"column":4},"end":{"line":16,"column":null}},"type":"if","locations":[{"start":{"line":14,"column":4},"end":{"line":16,"column":null}}]},"1":{"loc":{"start":{"line":18,"column":40},"end":{"line":18,"column":67}},"type":"cond-expr","locations":[{"start":{"line":18,"column":51},"end":{"line":18,"column":53}},{"start":{"line":18,"column":51},"end":{"line":18,"column":67}}]},"2":{"loc":{"start":{"line":18,"column":40},"end":{"line":18,"column":53}},"type":"binary-expr","locations":[{"start":{"line":18,"column":40},"end":{"line":18,"column":53}},{"start":{"line":18,"column":51},"end":{"line":18,"column":53}}]},"3":{"loc":{"start":{"line":18,"column":40},"end":{"line":18,"column":51}},"type":"cond-expr","locations":[{"start":{"line":18,"column":44},"end":{"line":18,"column":46}},{"start":{"line":18,"column":40},"end":{"line":18,"column":51}}]},"4":{"loc":{"start":{"line":18,"column":40},"end":{"line":18,"column":46}},"type":"binary-expr","locations":[{"start":{"line":18,"column":40},"end":{"line":18,"column":46}},{"start":{"line":18,"column":40},"end":{"line":18,"column":46}}]}},"s":{"0":0,"1":0,"2":0,"3":0,"4":0,"5":0,"6":0,"7":0,"8":0,"9":0,"10":0,"11":0},"f":{"0":0,"1":0,"2":0},"b":{"0":[0],"1":[0,0],"2":[0,0],"3":[0,0],"4":[0,0]}}
,"/Users/felipepena/code/culturas-api/src/auth/models/role.enum.ts": {"path":"/Users/felipepena/code/culturas-api/src/auth/models/role.enum.ts","statementMap":{"0":{"start":{"line":1,"column":0},"end":{"line":1,"column":null}},"1":{"start":{"line":2,"column":2},"end":{"line":2,"column":null}},"2":{"start":{"line":3,"column":2},"end":{"line":3,"column":null}},"3":{"start":{"line":4,"column":2},"end":{"line":4,"column":null}},"4":{"start":{"line":5,"column":2},"end":{"line":5,"column":null}},"5":{"start":{"line":6,"column":2},"end":{"line":6,"column":null}},"6":{"start":{"line":7,"column":2},"end":{"line":7,"column":null}},"7":{"start":{"line":8,"column":2},"end":{"line":8,"column":null}},"8":{"start":{"line":9,"column":2},"end":{"line":9,"column":null}},"9":{"start":{"line":10,"column":2},"end":{"line":10,"column":null}}},"fnMap":{"0":{"name":"(anonymous_0)","decl":{"start":{"line":1,"column":0},"end":{"line":1,"column":12}},"loc":{"start":{"line":1,"column":16},"end":{"line":11,"column":1}}}},"branchMap":{"0":{"loc":{"start":{"line":1,"column":12},"end":{"line":1,"column":null}},"type":"binary-expr","locations":[{"start":{"line":1,"column":12},"end":{"line":1,"column":16}},{"start":{"line":1,"column":12},"end":{"line":1,"column":null}}]}},"s":{"0":2,"1":2,"2":2,"3":2,"4":2,"5":2,"6":2,"7":2,"8":2,"9":2},"f":{"0":2},"b":{"0":[2,2]}}
,"/Users/felipepena/code/culturas-api/src/auth/strategies/jwt-strategy.ts": {"path":"/Users/felipepena/code/culturas-api/src/auth/strategies/jwt-strategy.ts","statementMap":{"0":{"start":{"line":1,"column":0},"end":{"line":1,"column":52}},"1":{"start":{"line":2,"column":0},"end":{"line":2,"column":52}},"2":{"start":{"line":3,"column":0},"end":{"line":3,"column":44}},"3":{"start":{"line":4,"column":0},"end":{"line":4,"column":56}},"4":{"start":{"line":7,"column":0},"end":{"line":23,"column":null}},"5":{"start":{"line":9,"column":4},"end":{"line":13,"column":7}},"6":{"start":{"line":17,"column":4},"end":{"line":21,"column":6}},"7":{"start":{"line":7,"column":13},"end":{"line":23,"column":null}},"8":{"start":{"line":7,"column":13},"end":{"line":7,"column":24}}},"fnMap":{"0":{"name":"(anonymous_2)","decl":{"start":{"line":8,"column":2},"end":{"line":8,"column":null}},"loc":{"start":{"line":8,"column":2},"end":{"line":14,"column":3}}},"1":{"name":"(anonymous_3)","decl":{"start":{"line":16,"column":2},"end":{"line":16,"column":7}},"loc":{"start":{"line":16,"column":29},"end":{"line":22,"column":3}}}},"branchMap":{},"s":{"0":0,"1":0,"2":0,"3":0,"4":0,"5":0,"6":0,"7":0,"8":0},"f":{"0":0,"1":0},"b":{}}
,"/Users/felipepena/code/culturas-api/src/auth/strategies/local-strategy.ts": {"path":"/Users/felipepena/code/culturas-api/src/auth/strategies/local-strategy.ts","statementMap":{"0":{"start":{"line":1,"column":0},"end":{"line":1,"column":42}},"1":{"start":{"line":2,"column":0},"end":{"line":2,"column":52}},"2":{"start":{"line":3,"column":0},"end":{"line":3,"column":67}},"3":{"start":{"line":4,"column":0},"end":{"line":4,"column":48}},"4":{"start":{"line":7,"column":0},"end":{"line":19,"column":null}},"5":{"start":{"line":9,"column":4},"end":{"line":9,"column":12}},"6":{"start":{"line":8,"column":22},"end":{"line":8,"column":35}},"7":{"start":{"line":13,"column":17},"end":{"line":13,"column":72}},"8":{"start":{"line":14,"column":4},"end":{"line":16,"column":null}},"9":{"start":{"line":15,"column":6},"end":{"line":15,"column":40}},"10":{"start":{"line":17,"column":4},"end":{"line":17,"column":16}},"11":{"start":{"line":7,"column":13},"end":{"line":19,"column":null}},"12":{"start":{"line":7,"column":13},"end":{"line":7,"column":26}}},"fnMap":{"0":{"name":"(anonymous_2)","decl":{"start":{"line":8,"column":2},"end":{"line":8,"column":22}},"loc":{"start":{"line":8,"column":46},"end":{"line":10,"column":3}}},"1":{"name":"(anonymous_3)","decl":{"start":{"line":12,"column":2},"end":{"line":12,"column":7}},"loc":{"start":{"line":12,"column":51},"end":{"line":18,"column":3}}}},"branchMap":{"0":{"loc":{"start":{"line":14,"column":4},"end":{"line":16,"column":null}},"type":"if","locations":[{"start":{"line":14,"column":4},"end":{"line":16,"column":null}}]}},"s":{"0":0,"1":0,"2":0,"3":0,"4":0,"5":0,"6":0,"7":0,"8":0,"9":0,"10":0,"11":0,"12":0},"f":{"0":0,"1":0},"b":{"0":[0]}}
,"/Users/felipepena/code/culturas-api/src/cultura/cultura.controller.ts": {"path":"/Users/felipepena/code/culturas-api/src/cultura/cultura.controller.ts","statementMap":{"0":{"start":{"line":1,"column":0},"end":{"line":1,"column":null}},"1":{"start":{"line":13,"column":0},"end":{"line":13,"column":52}},"2":{"start":{"line":14,"column":0},"end":{"line":14,"column":95}},"3":{"start":{"line":15,"column":0},"end":{"line":15,"column":43}},"4":{"start":{"line":16,"column":0},"end":{"line":16,"column":49}},"5":{"start":{"line":17,"column":0},"end":{"line":17,"column":51}},"6":{"start":{"line":18,"column":0},"end":{"line":18,"column":61}},"7":{"start":{"line":19,"column":0},"end":{"line":19,"column":56}},"8":{"start":{"line":20,"column":0},"end":{"line":20,"column":59}},"9":{"start":{"line":21,"column":0},"end":{"line":21,"column":48}},"10":{"start":{"line":26,"column":0},"end":{"line":64,"column":null}},"11":{"start":{"line":27,"column":31},"end":{"line":27,"column":47}},"12":{"start":{"line":32,"column":4},"end":{"line":32,"column":47}},"13":{"start":{"line":38,"column":4},"end":{"line":38,"column":56}},"14":{"start":{"line":44,"column":35},"end":{"line":44,"column":77}},"15":{"start":{"line":45,"column":4},"end":{"line":45,"column":53}},"16":{"start":{"line":54,"column":35},"end":{"line":54,"column":77}},"17":{"start":{"line":55,"column":4},"end":{"line":55,"column":64}},"18":{"start":{"line":62,"column":4},"end":{"line":62,"column":55}},"19":{"start":{"line":31,"column":2},"end":{"line":33,"column":null}},"20":{"start":{"line":37,"column":2},"end":{"line":39,"column":null}},"21":{"start":{"line":43,"column":2},"end":{"line":46,"column":null}},"22":{"start":{"line":50,"column":2},"end":{"line":56,"column":null}},"23":{"start":{"line":61,"column":2},"end":{"line":63,"column":null}},"24":{"start":{"line":26,"column":13},"end":{"line":64,"column":null}},"25":{"start":{"line":26,"column":13},"end":{"line":26,"column":30}}},"fnMap":{"0":{"name":"(anonymous_4)","decl":{"start":{"line":27,"column":2},"end":{"line":27,"column":31}},"loc":{"start":{"line":27,"column":61},"end":{"line":27,"column":65}}},"1":{"name":"(anonymous_5)","decl":{"start":{"line":31,"column":2},"end":{"line":31,"column":7}},"loc":{"start":{"line":31,"column":15},"end":{"line":33,"column":3}}},"2":{"name":"(anonymous_6)","decl":{"start":{"line":37,"column":2},"end":{"line":37,"column":7}},"loc":{"start":{"line":37,"column":53},"end":{"line":39,"column":3}}},"3":{"name":"(anonymous_7)","decl":{"start":{"line":43,"column":2},"end":{"line":43,"column":7}},"loc":{"start":{"line":43,"column":45},"end":{"line":46,"column":3}}},"4":{"name":"(anonymous_8)","decl":{"start":{"line":50,"column":2},"end":{"line":50,"column":7}},"loc":{"start":{"line":52,"column":34},"end":{"line":56,"column":3}}},"5":{"name":"(anonymous_9)","decl":{"start":{"line":61,"column":2},"end":{"line":61,"column":7}},"loc":{"start":{"line":61,"column":52},"end":{"line":63,"column":3}}}},"branchMap":{},"s":{"0":0,"1":0,"2":0,"3":0,"4":0,"5":0,"6":0,"7":0,"8":0,"9":0,"10":0,"11":0,"12":0,"13":0,"14":0,"15":0,"16":0,"17":0,"18":0,"19":0,"20":0,"21":0,"22":0,"23":0,"24":0,"25":0},"f":{"0":0,"1":0,"2":0,"3":0,"4":0,"5":0},"b":{}}
,"/Users/felipepena/code/culturas-api/src/cultura/cultura.dto.ts": {"path":"/Users/felipepena/code/culturas-api/src/cultura/cultura.dto.ts","statementMap":{"0":{"start":{"line":1,"column":0},"end":{"line":1,"column":51}},"1":{"start":{"line":2,"column":0},"end":{"line":2,"column":55}},"2":{"start":{"line":5,"column":0},"end":{"line":15,"column":null}},"3":{"start":{"line":9,"column":2},"end":{"line":9,"column":null}},"4":{"start":{"line":14,"column":2},"end":{"line":14,"column":null}},"5":{"start":{"line":5,"column":13},"end":{"line":15,"column":null}},"6":{"start":{"line":5,"column":13},"end":{"line":5,"column":23}}},"fnMap":{},"branchMap":{},"s":{"0":0,"1":0,"2":0,"3":0,"4":0,"5":0,"6":0},"f":{},"b":{}}
,"/Users/felipepena/code/culturas-api/src/cultura/cultura.entity.ts": {"path":"/Users/felipepena/code/culturas-api/src/cultura/cultura.entity.ts","statementMap":{"0":{"start":{"line":1,"column":0},"end":{"line":1,"column":55}},"1":{"start":{"line":2,"column":0},"end":{"line":2,"column":61}},"2":{"start":{"line":3,"column":0},"end":{"line":3,"column":49}},"3":{"start":{"line":4,"column":0},"end":{"line":4,"column":null}},"4":{"start":{"line":12,"column":0},"end":{"line":12,"column":70}},"5":{"start":{"line":13,"column":0},"end":{"line":13,"column":52}},"6":{"start":{"line":17,"column":0},"end":{"line":45,"column":null}},"7":{"start":{"line":20,"column":2},"end":{"line":20,"column":null}},"8":{"start":{"line":24,"column":2},"end":{"line":24,"column":null}},"9":{"start":{"line":28,"column":2},"end":{"line":28,"column":null}},"10":{"start":{"line":32,"column":2},"end":{"line":32,"column":null}},"11":{"start":{"line":30,"column":15},"end":{"line":30,"column":29}},"12":{"start":{"line":31,"column":19},"end":{"line":31,"column":31}},"13":{"start":{"line":31,"column":45},"end":{"line":31,"column":59}},"14":{"start":{"line":36,"column":2},"end":{"line":36,"column":null}},"15":{"start":{"line":34,"column":15},"end":{"line":34,"column":31}},"16":{"start":{"line":35,"column":19},"end":{"line":35,"column":33}},"17":{"start":{"line":35,"column":49},"end":{"line":35,"column":65}},"18":{"start":{"line":41,"column":2},"end":{"line":41,"column":null}},"19":{"start":{"line":38,"column":15},"end":{"line":38,"column":34}},"20":{"start":{"line":39,"column":20},"end":{"line":39,"column":37}},"21":{"start":{"line":39,"column":56},"end":{"line":39,"column":76}},"22":{"start":{"line":44,"column":2},"end":{"line":44,"column":null}},"23":{"start":{"line":43,"column":19},"end":{"line":43,"column":29}},"24":{"start":{"line":43,"column":41},"end":{"line":43,"column":54}},"25":{"start":{"line":17,"column":13},"end":{"line":45,"column":null}},"26":{"start":{"line":17,"column":13},"end":{"line":17,"column":26}}},"fnMap":{"0":{"name":"(anonymous_2)","decl":{"start":{"line":30,"column":9},"end":{"line":30,"column":12}},"loc":{"start":{"line":30,"column":15},"end":{"line":30,"column":29}}},"1":{"name":"(anonymous_3)","decl":{"start":{"line":31,"column":13},"end":{"line":31,"column":16}},"loc":{"start":{"line":31,"column":19},"end":{"line":31,"column":31}}},"2":{"name":"(anonymous_4)","decl":{"start":{"line":31,"column":33},"end":{"line":31,"column":34}},"loc":{"start":{"line":31,"column":45},"end":{"line":31,"column":59}}},"3":{"name":"(anonymous_5)","decl":{"start":{"line":34,"column":9},"end":{"line":34,"column":12}},"loc":{"start":{"line":34,"column":15},"end":{"line":34,"column":31}}},"4":{"name":"(anonymous_6)","decl":{"start":{"line":35,"column":13},"end":{"line":35,"column":16}},"loc":{"start":{"line":35,"column":19},"end":{"line":35,"column":33}}},"5":{"name":"(anonymous_7)","decl":{"start":{"line":35,"column":35},"end":{"line":35,"column":36}},"loc":{"start":{"line":35,"column":49},"end":{"line":35,"column":65}}},"6":{"name":"(anonymous_8)","decl":{"start":{"line":38,"column":9},"end":{"line":38,"column":12}},"loc":{"start":{"line":38,"column":15},"end":{"line":38,"column":34}}},"7":{"name":"(anonymous_9)","decl":{"start":{"line":39,"column":14},"end":{"line":39,"column":17}},"loc":{"start":{"line":39,"column":20},"end":{"line":39,"column":37}}},"8":{"name":"(anonymous_10)","decl":{"start":{"line":39,"column":39},"end":{"line":39,"column":40}},"loc":{"start":{"line":39,"column":56},"end":{"line":39,"column":76}}},"9":{"name":"(anonymous_11)","decl":{"start":{"line":43,"column":13},"end":{"line":43,"column":16}},"loc":{"start":{"line":43,"column":19},"end":{"line":43,"column":29}}},"10":{"name":"(anonymous_12)","decl":{"start":{"line":43,"column":31},"end":{"line":43,"column":32}},"loc":{"start":{"line":43,"column":41},"end":{"line":43,"column":54}}}},"branchMap":{},"s":{"0":9,"1":9,"2":9,"3":9,"4":9,"5":9,"6":9,"7":9,"8":9,"9":9,"10":9,"11":0,"12":102,"13":102,"14":9,"15":0,"16":102,"17":102,"18":9,"19":0,"20":102,"21":102,"22":9,"23":102,"24":102,"25":9,"26":9},"f":{"0":0,"1":102,"2":102,"3":0,"4":102,"5":102,"6":0,"7":102,"8":102,"9":102,"10":102},"b":{}}
,"/Users/felipepena/code/culturas-api/src/cultura/cultura.module.ts": {"path":"/Users/felipepena/code/culturas-api/src/cultura/cultura.module.ts","statementMap":{"0":{"start":{"line":1,"column":0},"end":{"line":1,"column":53}},"1":{"start":{"line":2,"column":0},"end":{"line":2,"column":48}},"2":{"start":{"line":3,"column":0},"end":{"line":3,"column":49}},"3":{"start":{"line":4,"column":0},"end":{"line":4,"column":51}},"4":{"start":{"line":5,"column":0},"end":{"line":5,"column":57}},"5":{"start":{"line":6,"column":0},"end":{"line":6,"column":53}},"6":{"start":{"line":7,"column":0},"end":{"line":7,"column":52}},"7":{"start":{"line":23,"column":0},"end":{"line":23,"column":null}},"8":{"start":{"line":23,"column":13},"end":{"line":23,"column":null}},"9":{"start":{"line":23,"column":13},"end":{"line":23,"column":26}}},"fnMap":{},"branchMap":{},"s":{"0":0,"1":0,"2":0,"3":0,"4":0,"5":0,"6":0,"7":0,"8":0,"9":0},"f":{},"b":{}}
,"/Users/felipepena/code/culturas-api/src/cultura/cultura.resolver.ts": {"path":"/Users/felipepena/code/culturas-api/src/cultura/cultura.resolver.ts","statementMap":{"0":{"start":{"line":1,"column":0},"end":{"line":1,"column":66}},"1":{"start":{"line":2,"column":0},"end":{"line":2,"column":51}},"2":{"start":{"line":3,"column":0},"end":{"line":3,"column":49}},"3":{"start":{"line":4,"column":0},"end":{"line":4,"column":52}},"4":{"start":{"line":5,"column":0},"end":{"line":5,"column":43}},"5":{"start":{"line":8,"column":0},"end":{"line":43,"column":null}},"6":{"start":{"line":9,"column":22},"end":{"line":9,"column":38}},"7":{"start":{"line":13,"column":4},"end":{"line":13,"column":41}},"8":{"start":{"line":18,"column":4},"end":{"line":18,"column":43}},"9":{"start":{"line":25,"column":20},"end":{"line":25,"column":62}},"10":{"start":{"line":26,"column":4},"end":{"line":26,"column":47}},"11":{"start":{"line":34,"column":20},"end":{"line":34,"column":62}},"12":{"start":{"line":35,"column":4},"end":{"line":35,"column":51}},"13":{"start":{"line":40,"column":4},"end":{"line":40,"column":35}},"14":{"start":{"line":41,"column":4},"end":{"line":41,"column":14}},"15":{"start":{"line":12,"column":2},"end":{"line":14,"column":null}},"16":{"start":{"line":11,"column":15},"end":{"line":11,"column":30}},"17":{"start":{"line":17,"column":2},"end":{"line":19,"column":null}},"18":{"start":{"line":16,"column":15},"end":{"line":16,"column":28}},"19":{"start":{"line":22,"column":2},"end":{"line":27,"column":null}},"20":{"start":{"line":21,"column":18},"end":{"line":21,"column":31}},"21":{"start":{"line":30,"column":2},"end":{"line":36,"column":null}},"22":{"start":{"line":29,"column":18},"end":{"line":29,"column":31}},"23":{"start":{"line":39,"column":2},"end":{"line":42,"column":null}},"24":{"start":{"line":38,"column":18},"end":{"line":38,"column":24}},"25":{"start":{"line":8,"column":13},"end":{"line":43,"column":null}},"26":{"start":{"line":8,"column":13},"end":{"line":8,"column":28}}},"fnMap":{"0":{"name":"(anonymous_4)","decl":{"start":{"line":9,"column":2},"end":{"line":9,"column":22}},"loc":{"start":{"line":9,"column":52},"end":{"line":9,"column":56}}},"1":{"name":"(anonymous_5)","decl":{"start":{"line":12,"column":2},"end":{"line":12,"column":10}},"loc":{"start":{"line":12,"column":10},"end":{"line":14,"column":3}}},"2":{"name":"(anonymous_6)","decl":{"start":{"line":17,"column":2},"end":{"line":17,"column":9}},"loc":{"start":{"line":17,"column":32},"end":{"line":19,"column":3}}},"3":{"name":"(anonymous_7)","decl":{"start":{"line":22,"column":2},"end":{"line":22,"column":15}},"loc":{"start":{"line":23,"column":43},"end":{"line":27,"column":3}}},"4":{"name":"(anonymous_8)","decl":{"start":{"line":30,"column":2},"end":{"line":30,"column":15}},"loc":{"start":{"line":32,"column":43},"end":{"line":36,"column":3}}},"5":{"name":"(anonymous_9)","decl":{"start":{"line":39,"column":2},"end":{"line":39,"column":15}},"loc":{"start":{"line":39,"column":38},"end":{"line":42,"column":3}}},"6":{"name":"(anonymous_10)","decl":{"start":{"line":11,"column":9},"end":{"line":11,"column":12}},"loc":{"start":{"line":11,"column":15},"end":{"line":11,"column":30}}},"7":{"name":"(anonymous_11)","decl":{"start":{"line":16,"column":9},"end":{"line":16,"column":12}},"loc":{"start":{"line":16,"column":15},"end":{"line":16,"column":28}}},"8":{"name":"(anonymous_12)","decl":{"start":{"line":21,"column":12},"end":{"line":21,"column":15}},"loc":{"start":{"line":21,"column":18},"end":{"line":21,"column":31}}},"9":{"name":"(anonymous_13)","decl":{"start":{"line":29,"column":12},"end":{"line":29,"column":15}},"loc":{"start":{"line":29,"column":18},"end":{"line":29,"column":31}}},"10":{"name":"(anonymous_14)","decl":{"start":{"line":38,"column":12},"end":{"line":38,"column":15}},"loc":{"start":{"line":38,"column":18},"end":{"line":38,"column":24}}}},"branchMap":{},"s":{"0":0,"1":0,"2":0,"3":0,"4":0,"5":0,"6":0,"7":0,"8":0,"9":0,"10":0,"11":0,"12":0,"13":0,"14":0,"15":0,"16":0,"17":0,"18":0,"19":0,"20":0,"21":0,"22":0,"23":0,"24":0,"25":0,"26":0},"f":{"0":0,"1":0,"2":0,"3":0,"4":0,"5":0,"6":0,"7":0,"8":0,"9":0,"10":0},"b":{}}
,"/Users/felipepena/code/culturas-api/src/cultura/cultura.service.ts": {"path":"/Users/felipepena/code/culturas-api/src/cultura/cultura.service.ts","statementMap":{"0":{"start":{"line":1,"column":0},"end":{"line":1,"column":67}},"1":{"start":{"line":2,"column":0},"end":{"line":2,"column":51}},"2":{"start":{"line":3,"column":0},"end":{"line":3,"column":null}},"3":{"start":{"line":7,"column":0},"end":{"line":7,"column":37}},"4":{"start":{"line":8,"column":0},"end":{"line":8,"column":49}},"5":{"start":{"line":12,"column":0},"end":{"line":86,"column":null}},"6":{"start":{"line":17,"column":21},"end":{"line":17,"column":40}},"7":{"start":{"line":20,"column":21},"end":{"line":20,"column":40}},"8":{"start":{"line":13,"column":2},"end":{"line":13,"column":23}},"9":{"start":{"line":24,"column":4},"end":{"line":24,"column":54}},"10":{"start":{"line":28,"column":36},"end":{"line":30,"column":20}},"11":{"start":{"line":31,"column":4},"end":{"line":37,"column":null}},"12":{"start":{"line":32,"column":40},"end":{"line":34,"column":8}},"13":{"start":{"line":35,"column":6},"end":{"line":35,"column":59}},"14":{"start":{"line":36,"column":6},"end":{"line":36,"column":22}},"15":{"start":{"line":39,"column":4},"end":{"line":39,"column":18}},"16":{"start":{"line":43,"column":35},"end":{"line":46,"column":6}},"17":{"start":{"line":47,"column":4},"end":{"line":51,"column":8}},"18":{"start":{"line":48,"column":6},"end":{"line":51,"column":8}},"19":{"start":{"line":53,"column":4},"end":{"line":53,"column":19}},"20":{"start":{"line":58,"column":6},"end":{"line":61,"column":8}},"21":{"start":{"line":62,"column":4},"end":{"line":66,"column":8}},"22":{"start":{"line":63,"column":6},"end":{"line":66,"column":8}},"23":{"start":{"line":68,"column":4},"end":{"line":71,"column":7}},"24":{"start":{"line":75,"column":35},"end":{"line":77,"column":6}},"25":{"start":{"line":78,"column":4},"end":{"line":82,"column":8}},"26":{"start":{"line":79,"column":6},"end":{"line":82,"column":8}},"27":{"start":{"line":84,"column":4},"end":{"line":84,"column":49}},"28":{"start":{"line":12,"column":13},"end":{"line":86,"column":null}},"29":{"start":{"line":12,"column":13},"end":{"line":12,"column":27}}},"fnMap":{"0":{"name":"(anonymous_4)","decl":{"start":{"line":15,"column":2},"end":{"line":15,"column":null}},"loc":{"start":{"line":20,"column":40},"end":{"line":21,"column":6}}},"1":{"name":"(anonymous_5)","decl":{"start":{"line":23,"column":2},"end":{"line":23,"column":7}},"loc":{"start":{"line":23,"column":37},"end":{"line":25,"column":3}}},"2":{"name":"(anonymous_6)","decl":{"start":{"line":27,"column":2},"end":{"line":27,"column":7}},"loc":{"start":{"line":27,"column":15},"end":{"line":40,"column":3}}},"3":{"name":"(anonymous_7)","decl":{"start":{"line":42,"column":2},"end":{"line":42,"column":7}},"loc":{"start":{"line":42,"column":26},"end":{"line":54,"column":3}}},"4":{"name":"(anonymous_8)","decl":{"start":{"line":56,"column":2},"end":{"line":56,"column":7}},"loc":{"start":{"line":56,"column":49},"end":{"line":72,"column":3}}},"5":{"name":"(anonymous_9)","decl":{"start":{"line":74,"column":2},"end":{"line":74,"column":7}},"loc":{"start":{"line":74,"column":25},"end":{"line":85,"column":3}}}},"branchMap":{"0":{"loc":{"start":{"line":31,"column":4},"end":{"line":37,"column":null}},"type":"if","locations":[{"start":{"line":31,"column":4},"end":{"line":37,"column":null}}]},"1":{"loc":{"start":{"line":47,"column":4},"end":{"line":51,"column":8}},"type":"if","locations":[{"start":{"line":47,"column":4},"end":{"line":51,"column":8}}]},"2":{"loc":{"start":{"line":62,"column":4},"end":{"line":66,"column":8}},"type":"if","locations":[{"start":{"line":62,"column":4},"end":{"line":66,"column":8}}]},"3":{"loc":{"start":{"line":78,"column":4},"end":{"line":82,"column":8}},"type":"if","locations":[{"start":{"line":78,"column":4},"end":{"line":82,"column":8}}]}},"s":{"0":1,"1":1,"2":1,"3":1,"4":1,"5":1,"6":9,"7":9,"8":9,"9":1,"10":1,"11":1,"12":1,"13":1,"14":1,"15":0,"16":2,"17":2,"18":1,"19":1,"20":2,"21":2,"22":1,"23":1,"24":3,"25":3,"26":1,"27":2,"28":1,"29":1},"f":{"0":9,"1":1,"2":1,"3":2,"4":2,"5":3},"b":{"0":[1],"1":[1],"2":[1],"3":[1]}}
,"/Users/felipepena/code/culturas-api/src/cultura-pais/cultura-pais.controller.ts": {"path":"/Users/felipepena/code/culturas-api/src/cultura-pais/cultura-pais.controller.ts","statementMap":{"0":{"start":{"line":1,"column":0},"end":{"line":1,"column":null}},"1":{"start":{"line":13,"column":0},"end":{"line":13,"column":52}},"2":{"start":{"line":14,"column":0},"end":{"line":14,"column":56}},"3":{"start":{"line":15,"column":0},"end":{"line":15,"column":61}},"4":{"start":{"line":17,"column":0},"end":{"line":17,"column":49}},"5":{"start":{"line":18,"column":0},"end":{"line":18,"column":95}},"6":{"start":{"line":19,"column":0},"end":{"line":19,"column":60}},"7":{"start":{"line":20,"column":0},"end":{"line":20,"column":48}},"8":{"start":{"line":21,"column":0},"end":{"line":21,"column":59}},"9":{"start":{"line":26,"column":0},"end":{"line":78,"column":null}},"10":{"start":{"line":27,"column":31},"end":{"line":27,"column":51}},"11":{"start":{"line":35,"column":4},"end":{"line":35,"column":75}},"12":{"start":{"line":44,"column":4},"end":{"line":47,"column":6}},"13":{"start":{"line":53,"column":4},"end":{"line":53,"column":74}},"14":{"start":{"line":62,"column":19},"end":{"line":62,"column":55}},"15":{"start":{"line":63,"column":4},"end":{"line":66,"column":6}},"16":{"start":{"line":76,"column":4},"end":{"line":76,"column":80}},"17":{"start":{"line":31,"column":2},"end":{"line":36,"column":null}},"18":{"start":{"line":40,"column":2},"end":{"line":48,"column":null}},"19":{"start":{"line":52,"column":2},"end":{"line":54,"column":null}},"20":{"start":{"line":58,"column":2},"end":{"line":67,"column":null}},"21":{"start":{"line":72,"column":2},"end":{"line":77,"column":null}},"22":{"start":{"line":26,"column":13},"end":{"line":78,"column":null}},"23":{"start":{"line":26,"column":13},"end":{"line":26,"column":34}}},"fnMap":{"0":{"name":"(anonymous_4)","decl":{"start":{"line":27,"column":2},"end":{"line":27,"column":31}},"loc":{"start":{"line":27,"column":69},"end":{"line":27,"column":73}}},"1":{"name":"(anonymous_5)","decl":{"start":{"line":31,"column":2},"end":{"line":31,"column":7}},"loc":{"start":{"line":33,"column":35},"end":{"line":36,"column":3}}},"2":{"name":"(anonymous_6)","decl":{"start":{"line":40,"column":2},"end":{"line":40,"column":7}},"loc":{"start":{"line":42,"column":35},"end":{"line":48,"column":3}}},"3":{"name":"(anonymous_7)","decl":{"start":{"line":52,"column":2},"end":{"line":52,"column":7}},"loc":{"start":{"line":52,"column":67},"end":{"line":54,"column":3}}},"4":{"name":"(anonymous_8)","decl":{"start":{"line":58,"column":2},"end":{"line":58,"column":7}},"loc":{"start":{"line":60,"column":41},"end":{"line":67,"column":3}}},"5":{"name":"(anonymous_9)","decl":{"start":{"line":72,"column":2},"end":{"line":72,"column":7}},"loc":{"start":{"line":74,"column":35},"end":{"line":77,"column":3}}}},"branchMap":{},"s":{"0":0,"1":0,"2":0,"3":0,"4":0,"5":0,"6":0,"7":0,"8":0,"9":0,"10":0,"11":0,"12":0,"13":0,"14":0,"15":0,"16":0,"17":0,"18":0,"19":0,"20":0,"21":0,"22":0,"23":0},"f":{"0":0,"1":0,"2":0,"3":0,"4":0,"5":0},"b":{}}
,"/Users/felipepena/code/culturas-api/src/cultura-pais/cultura-pais.module.ts": {"path":"/Users/felipepena/code/culturas-api/src/cultura-pais/cultura-pais.module.ts","statementMap":{"0":{"start":{"line":1,"column":0},"end":{"line":1,"column":40}},"1":{"start":{"line":2,"column":0},"end":{"line":2,"column":48}},"2":{"start":{"line":3,"column":0},"end":{"line":3,"column":58}},"3":{"start":{"line":4,"column":0},"end":{"line":4,"column":49}},"4":{"start":{"line":5,"column":0},"end":{"line":5,"column":60}},"5":{"start":{"line":6,"column":0},"end":{"line":6,"column":66}},"6":{"start":{"line":13,"column":0},"end":{"line":13,"column":null}},"7":{"start":{"line":13,"column":13},"end":{"line":13,"column":null}},"8":{"start":{"line":13,"column":13},"end":{"line":13,"column":30}}},"fnMap":{},"branchMap":{},"s":{"0":0,"1":0,"2":0,"3":0,"4":0,"5":0,"6":0,"7":0,"8":0},"f":{},"b":{}}
,"/Users/felipepena/code/culturas-api/src/cultura-pais/cultura-pais.service.ts": {"path":"/Users/felipepena/code/culturas-api/src/cultura-pais/cultura-pais.service.ts","statementMap":{"0":{"start":{"line":1,"column":0},"end":{"line":1,"column":44}},"1":{"start":{"line":2,"column":0},"end":{"line":2,"column":51}},"2":{"start":{"line":3,"column":0},"end":{"line":3,"column":58}},"3":{"start":{"line":4,"column":0},"end":{"line":4,"column":49}},"4":{"start":{"line":5,"column":0},"end":{"line":5,"column":null}},"5":{"start":{"line":9,"column":0},"end":{"line":9,"column":37}},"6":{"start":{"line":12,"column":0},"end":{"line":132,"column":null}},"7":{"start":{"line":15,"column":21},"end":{"line":15,"column":37}},"8":{"start":{"line":18,"column":21},"end":{"line":18,"column":40}},"9":{"start":{"line":22,"column":29},"end":{"line":24,"column":6}},"10":{"start":{"line":25,"column":4},"end":{"line":29,"column":8}},"11":{"start":{"line":26,"column":6},"end":{"line":29,"column":8}},"12":{"start":{"line":30,"column":4},"end":{"line":30,"column":16}},"13":{"start":{"line":34,"column":35},"end":{"line":37,"column":6}},"14":{"start":{"line":38,"column":4},"end":{"line":42,"column":8}},"15":{"start":{"line":39,"column":6},"end":{"line":42,"column":8}},"16":{"start":{"line":43,"column":4},"end":{"line":43,"column":19}},"17":{"start":{"line":50,"column":29},"end":{"line":50,"column":63}},"18":{"start":{"line":51,"column":35},"end":{"line":51,"column":78}},"19":{"start":{"line":53,"column":4},"end":{"line":53,"column":47}},"20":{"start":{"line":54,"column":4},"end":{"line":54,"column":54}},"21":{"start":{"line":62,"column":29},"end":{"line":64,"column":6}},"22":{"start":{"line":65,"column":4},"end":{"line":69,"column":8}},"23":{"start":{"line":66,"column":6},"end":{"line":69,"column":8}},"24":{"start":{"line":71,"column":35},"end":{"line":71,"column":78}},"25":{"start":{"line":73,"column":36},"end":{"line":74,"column":null}},"26":{"start":{"line":74,"column":13},"end":{"line":74,"column":29}},"27":{"start":{"line":77,"column":4},"end":{"line":81,"column":8}},"28":{"start":{"line":78,"column":6},"end":{"line":81,"column":8}},"29":{"start":{"line":83,"column":4},"end":{"line":83,"column":23}},"30":{"start":{"line":87,"column":35},"end":{"line":87,"column":78}},"31":{"start":{"line":89,"column":4},"end":{"line":89,"column":26}},"32":{"start":{"line":96,"column":35},"end":{"line":96,"column":78}},"33":{"start":{"line":99,"column":4},"end":{"line":108,"column":null}},"34":{"start":{"line":99,"column":17},"end":{"line":99,"column":18}},"35":{"start":{"line":100,"column":6},"end":{"line":100,"column":33}},"36":{"start":{"line":101,"column":31},"end":{"line":101,"column":65}},"37":{"start":{"line":103,"column":6},"end":{"line":107,"column":10}},"38":{"start":{"line":104,"column":8},"end":{"line":107,"column":10}},"39":{"start":{"line":109,"column":4},"end":{"line":109,"column":28}},"40":{"start":{"line":110,"column":4},"end":{"line":110,"column":54}},"41":{"start":{"line":114,"column":37},"end":{"line":114,"column":71}},"42":{"start":{"line":116,"column":35},"end":{"line":116,"column":78}},"43":{"start":{"line":118,"column":36},"end":{"line":119,"column":null}},"44":{"start":{"line":119,"column":13},"end":{"line":119,"column":37}},"45":{"start":{"line":122,"column":4},"end":{"line":126,"column":8}},"46":{"start":{"line":123,"column":6},"end":{"line":126,"column":8}},"47":{"start":{"line":128,"column":4},"end":{"line":128,"column":67}},"48":{"start":{"line":128,"column":50},"end":{"line":128,"column":65}},"49":{"start":{"line":130,"column":4},"end":{"line":130,"column":47}},"50":{"start":{"line":12,"column":13},"end":{"line":132,"column":null}},"51":{"start":{"line":12,"column":13},"end":{"line":12,"column":31}}},"fnMap":{"0":{"name":"(anonymous_4)","decl":{"start":{"line":13,"column":2},"end":{"line":13,"column":null}},"loc":{"start":{"line":18,"column":65},"end":{"line":19,"column":6}}},"1":{"name":"(anonymous_5)","decl":{"start":{"line":21,"column":2},"end":{"line":21,"column":7}},"loc":{"start":{"line":21,"column":38},"end":{"line":31,"column":3}}},"2":{"name":"(anonymous_6)","decl":{"start":{"line":33,"column":2},"end":{"line":33,"column":7}},"loc":{"start":{"line":33,"column":47},"end":{"line":44,"column":3}}},"3":{"name":"(anonymous_7)","decl":{"start":{"line":46,"column":2},"end":{"line":46,"column":7}},"loc":{"start":{"line":48,"column":18},"end":{"line":55,"column":3}}},"4":{"name":"(anonymous_8)","decl":{"start":{"line":57,"column":2},"end":{"line":57,"column":7}},"loc":{"start":{"line":59,"column":18},"end":{"line":84,"column":3}}},"5":{"name":"(anonymous_9)","decl":{"start":{"line":74,"column":6},"end":{"line":74,"column":7}},"loc":{"start":{"line":74,"column":13},"end":{"line":74,"column":29}}},"6":{"name":"(anonymous_10)","decl":{"start":{"line":86,"column":2},"end":{"line":86,"column":7}},"loc":{"start":{"line":86,"column":47},"end":{"line":90,"column":3}}},"7":{"name":"(anonymous_11)","decl":{"start":{"line":92,"column":2},"end":{"line":92,"column":7}},"loc":{"start":{"line":94,"column":24},"end":{"line":111,"column":3}}},"8":{"name":"(anonymous_12)","decl":{"start":{"line":113,"column":2},"end":{"line":113,"column":7}},"loc":{"start":{"line":113,"column":61},"end":{"line":131,"column":3}}},"9":{"name":"(anonymous_13)","decl":{"start":{"line":119,"column":6},"end":{"line":119,"column":7}},"loc":{"start":{"line":119,"column":13},"end":{"line":119,"column":37}}},"10":{"name":"(anonymous_14)","decl":{"start":{"line":128,"column":43},"end":{"line":128,"column":44}},"loc":{"start":{"line":128,"column":50},"end":{"line":128,"column":65}}}},"branchMap":{"0":{"loc":{"start":{"line":25,"column":4},"end":{"line":29,"column":8}},"type":"if","locations":[{"start":{"line":25,"column":4},"end":{"line":29,"column":8}}]},"1":{"loc":{"start":{"line":38,"column":4},"end":{"line":42,"column":8}},"type":"if","locations":[{"start":{"line":38,"column":4},"end":{"line":42,"column":8}}]},"2":{"loc":{"start":{"line":65,"column":4},"end":{"line":69,"column":8}},"type":"if","locations":[{"start":{"line":65,"column":4},"end":{"line":69,"column":8}}]},"3":{"loc":{"start":{"line":77,"column":4},"end":{"line":81,"column":8}},"type":"if","locations":[{"start":{"line":77,"column":4},"end":{"line":81,"column":8}}]},"4":{"loc":{"start":{"line":103,"column":6},"end":{"line":107,"column":10}},"type":"if","locations":[{"start":{"line":103,"column":6},"end":{"line":107,"column":10}}]},"5":{"loc":{"start":{"line":122,"column":4},"end":{"line":126,"column":8}},"type":"if","locations":[{"start":{"line":122,"column":4},"end":{"line":126,"column":8}}]}},"s":{"0":1,"1":1,"2":1,"3":1,"4":1,"5":1,"6":1,"7":17,"8":17,"9":9,"10":9,"11":3,"12":6,"13":13,"14":13,"15":5,"16":8,"17":3,"18":2,"19":1,"20":1,"21":4,"22":4,"23":1,"24":3,"25":2,"26":6,"27":2,"28":1,"29":1,"30":2,"31":1,"32":3,"33":2,"34":2,"35":2,"36":2,"37":1,"38":0,"39":1,"40":1,"41":4,"42":3,"43":2,"44":6,"45":2,"46":1,"47":1,"48":5,"49":1,"50":1,"51":1},"f":{"0":17,"1":9,"2":13,"3":3,"4":4,"5":6,"6":2,"7":3,"8":4,"9":6,"10":5},"b":{"0":[3],"1":[5],"2":[1],"3":[1],"4":[0],"5":[1]}}
,"/Users/felipepena/code/culturas-api/src/cultura-producto/cultura-producto.controller.ts": {"path":"/Users/felipepena/code/culturas-api/src/cultura-producto/cultura-producto.controller.ts","statementMap":{"0":{"start":{"line":1,"column":0},"end":{"line":1,"column":null}},"1":{"start":{"line":13,"column":0},"end":{"line":13,"column":95}},"2":{"start":{"line":14,"column":0},"end":{"line":14,"column":68}},"3":{"start":{"line":15,"column":0},"end":{"line":15,"column":52}},"4":{"start":{"line":16,"column":0},"end":{"line":16,"column":61}},"5":{"start":{"line":18,"column":0},"end":{"line":18,"column":61}},"6":{"start":{"line":19,"column":0},"end":{"line":19,"column":56}},"7":{"start":{"line":20,"column":0},"end":{"line":20,"column":59}},"8":{"start":{"line":21,"column":0},"end":{"line":21,"column":48}},"9":{"start":{"line":26,"column":0},"end":{"line":86,"column":null}},"10":{"start":{"line":28,"column":21},"end":{"line":28,"column":45}},"11":{"start":{"line":37,"column":4},"end":{"line":40,"column":6}},"12":{"start":{"line":49,"column":4},"end":{"line":52,"column":6}},"13":{"start":{"line":58,"column":4},"end":{"line":58,"column":80}},"14":{"start":{"line":67,"column":22},"end":{"line":67,"column":67}},"15":{"start":{"line":68,"column":4},"end":{"line":71,"column":6}},"16":{"start":{"line":81,"column":4},"end":{"line":84,"column":6}},"17":{"start":{"line":33,"column":2},"end":{"line":41,"column":null}},"18":{"start":{"line":45,"column":2},"end":{"line":53,"column":null}},"19":{"start":{"line":57,"column":2},"end":{"line":59,"column":null}},"20":{"start":{"line":63,"column":2},"end":{"line":72,"column":null}},"21":{"start":{"line":77,"column":2},"end":{"line":85,"column":null}},"22":{"start":{"line":26,"column":13},"end":{"line":86,"column":null}},"23":{"start":{"line":26,"column":13},"end":{"line":26,"column":38}}},"fnMap":{"0":{"name":"(anonymous_4)","decl":{"start":{"line":27,"column":2},"end":{"line":27,"column":null}},"loc":{"start":{"line":28,"column":67},"end":{"line":29,"column":6}}},"1":{"name":"(anonymous_5)","decl":{"start":{"line":33,"column":2},"end":{"line":33,"column":7}},"loc":{"start":{"line":35,"column":43},"end":{"line":41,"column":3}}},"2":{"name":"(anonymous_6)","decl":{"start":{"line":45,"column":2},"end":{"line":45,"column":7}},"loc":{"start":{"line":47,"column":43},"end":{"line":53,"column":3}}},"3":{"name":"(anonymous_7)","decl":{"start":{"line":57,"column":2},"end":{"line":57,"column":7}},"loc":{"start":{"line":57,"column":72},"end":{"line":59,"column":3}}},"4":{"name":"(anonymous_8)","decl":{"start":{"line":63,"column":2},"end":{"line":63,"column":7}},"loc":{"start":{"line":65,"column":41},"end":{"line":72,"column":3}}},"5":{"name":"(anonymous_9)","decl":{"start":{"line":77,"column":2},"end":{"line":77,"column":7}},"loc":{"start":{"line":79,"column":43},"end":{"line":85,"column":3}}}},"branchMap":{},"s":{"0":0,"1":0,"2":0,"3":0,"4":0,"5":0,"6":0,"7":0,"8":0,"9":0,"10":0,"11":0,"12":0,"13":0,"14":0,"15":0,"16":0,"17":0,"18":0,"19":0,"20":0,"21":0,"22":0,"23":0},"f":{"0":0,"1":0,"2":0,"3":0,"4":0,"5":0},"b":{}}
,"/Users/felipepena/code/culturas-api/src/cultura-producto/cultura-producto.module.ts": {"path":"/Users/felipepena/code/culturas-api/src/cultura-producto/cultura-producto.module.ts","statementMap":{"0":{"start":{"line":1,"column":0},"end":{"line":1,"column":53}},"1":{"start":{"line":2,"column":0},"end":{"line":2,"column":48}},"2":{"start":{"line":3,"column":0},"end":{"line":3,"column":58}},"3":{"start":{"line":4,"column":0},"end":{"line":4,"column":61}},"4":{"start":{"line":5,"column":0},"end":{"line":5,"column":68}},"5":{"start":{"line":6,"column":0},"end":{"line":6,"column":74}},"6":{"start":{"line":7,"column":0},"end":{"line":7,"column":70}},"7":{"start":{"line":8,"column":0},"end":{"line":8,"column":52}},"8":{"start":{"line":24,"column":0},"end":{"line":24,"column":null}},"9":{"start":{"line":24,"column":13},"end":{"line":24,"column":null}},"10":{"start":{"line":24,"column":13},"end":{"line":24,"column":34}}},"fnMap":{},"branchMap":{},"s":{"0":0,"1":0,"2":0,"3":0,"4":0,"5":0,"6":0,"7":0,"8":0,"9":0,"10":0},"f":{},"b":{}}
,"/Users/felipepena/code/culturas-api/src/cultura-producto/cultura-producto.resolver.ts": {"path":"/Users/felipepena/code/culturas-api/src/cultura-producto/cultura-producto.resolver.ts","statementMap":{"0":{"start":{"line":1,"column":0},"end":{"line":1,"column":66}},"1":{"start":{"line":2,"column":0},"end":{"line":2,"column":68}},"2":{"start":{"line":3,"column":0},"end":{"line":3,"column":58}},"3":{"start":{"line":4,"column":0},"end":{"line":4,"column":61}},"4":{"start":{"line":5,"column":0},"end":{"line":5,"column":52}},"5":{"start":{"line":8,"column":0},"end":{"line":67,"column":null}},"6":{"start":{"line":10,"column":21},"end":{"line":10,"column":45}},"7":{"start":{"line":18,"column":4},"end":{"line":21,"column":6}},"8":{"start":{"line":29,"column":4},"end":{"line":32,"column":6}},"9":{"start":{"line":37,"column":4},"end":{"line":37,"column":74}},"10":{"start":{"line":46,"column":22},"end":{"line":48,"column":null}},"11":{"start":{"line":48,"column":31},"end":{"line":48,"column":37}},"12":{"start":{"line":50,"column":4},"end":{"line":53,"column":6}},"13":{"start":{"line":61,"column":4},"end":{"line":64,"column":6}},"14":{"start":{"line":65,"column":4},"end":{"line":65,"column":21}},"15":{"start":{"line":14,"column":2},"end":{"line":22,"column":null}},"16":{"start":{"line":13,"column":18},"end":{"line":13,"column":31}},"17":{"start":{"line":25,"column":2},"end":{"line":33,"column":null}},"18":{"start":{"line":24,"column":15},"end":{"line":24,"column":29}},"19":{"start":{"line":36,"column":2},"end":{"line":38,"column":null}},"20":{"start":{"line":35,"column":15},"end":{"line":35,"column":31}},"21":{"start":{"line":41,"column":2},"end":{"line":54,"column":null}},"22":{"start":{"line":40,"column":18},"end":{"line":40,"column":31}},"23":{"start":{"line":43,"column":45},"end":{"line":43,"column":53}},"24":{"start":{"line":57,"column":2},"end":{"line":66,"column":null}},"25":{"start":{"line":56,"column":18},"end":{"line":56,"column":24}},"26":{"start":{"line":8,"column":13},"end":{"line":67,"column":null}},"27":{"start":{"line":8,"column":13},"end":{"line":8,"column":36}}},"fnMap":{"0":{"name":"(anonymous_4)","decl":{"start":{"line":9,"column":2},"end":{"line":9,"column":null}},"loc":{"start":{"line":10,"column":67},"end":{"line":11,"column":6}}},"1":{"name":"(anonymous_5)","decl":{"start":{"line":14,"column":2},"end":{"line":14,"column":20}},"loc":{"start":{"line":16,"column":42},"end":{"line":22,"column":3}}},"2":{"name":"(anonymous_6)","decl":{"start":{"line":25,"column":2},"end":{"line":25,"column":36}},"loc":{"start":{"line":27,"column":42},"end":{"line":33,"column":3}}},"3":{"name":"(anonymous_7)","decl":{"start":{"line":36,"column":2},"end":{"line":36,"column":26}},"loc":{"start":{"line":36,"column":63},"end":{"line":38,"column":3}}},"4":{"name":"(anonymous_8)","decl":{"start":{"line":41,"column":2},"end":{"line":41,"column":29}},"loc":{"start":{"line":44,"column":25},"end":{"line":54,"column":3}}},"5":{"name":"(anonymous_9)","decl":{"start":{"line":48,"column":22},"end":{"line":48,"column":23}},"loc":{"start":{"line":48,"column":31},"end":{"line":48,"column":37}}},"6":{"name":"(anonymous_10)","decl":{"start":{"line":57,"column":2},"end":{"line":57,"column":27}},"loc":{"start":{"line":59,"column":42},"end":{"line":66,"column":3}}},"7":{"name":"(anonymous_11)","decl":{"start":{"line":13,"column":12},"end":{"line":13,"column":15}},"loc":{"start":{"line":13,"column":18},"end":{"line":13,"column":31}}},"8":{"name":"(anonymous_12)","decl":{"start":{"line":24,"column":9},"end":{"line":24,"column":12}},"loc":{"start":{"line":24,"column":15},"end":{"line":24,"column":29}}},"9":{"name":"(anonymous_13)","decl":{"start":{"line":35,"column":9},"end":{"line":35,"column":12}},"loc":{"start":{"line":35,"column":15},"end":{"line":35,"column":31}}},"10":{"name":"(anonymous_14)","decl":{"start":{"line":40,"column":12},"end":{"line":40,"column":15}},"loc":{"start":{"line":40,"column":18},"end":{"line":40,"column":31}}},"11":{"name":"(anonymous_15)","decl":{"start":{"line":43,"column":39},"end":{"line":43,"column":42}},"loc":{"start":{"line":43,"column":45},"end":{"line":43,"column":53}}},"12":{"name":"(anonymous_16)","decl":{"start":{"line":56,"column":12},"end":{"line":56,"column":15}},"loc":{"start":{"line":56,"column":18},"end":{"line":56,"column":24}}}},"branchMap":{},"s":{"0":0,"1":0,"2":0,"3":0,"4":0,"5":0,"6":0,"7":0,"8":0,"9":0,"10":0,"11":0,"12":0,"13":0,"14":0,"15":0,"16":0,"17":0,"18":0,"19":0,"20":0,"21":0,"22":0,"23":0,"24":0,"25":0,"26":0,"27":0},"f":{"0":0,"1":0,"2":0,"3":0,"4":0,"5":0,"6":0,"7":0,"8":0,"9":0,"10":0,"11":0,"12":0},"b":{}}
,"/Users/felipepena/code/culturas-api/src/cultura-producto/cultura-producto.service.ts": {"path":"/Users/felipepena/code/culturas-api/src/cultura-producto/cultura-producto.service.ts","statementMap":{"0":{"start":{"line":1,"column":0},"end":{"line":1,"column":67}},"1":{"start":{"line":2,"column":0},"end":{"line":2,"column":51}},"2":{"start":{"line":3,"column":0},"end":{"line":3,"column":37}},"3":{"start":{"line":4,"column":0},"end":{"line":4,"column":58}},"4":{"start":{"line":5,"column":0},"end":{"line":5,"column":61}},"5":{"start":{"line":6,"column":0},"end":{"line":6,"column":null}},"6":{"start":{"line":13,"column":0},"end":{"line":131,"column":null}},"7":{"start":{"line":16,"column":21},"end":{"line":16,"column":41}},"8":{"start":{"line":19,"column":21},"end":{"line":19,"column":40}},"9":{"start":{"line":21,"column":44},"end":{"line":21,"column":63}},"10":{"start":{"line":25,"column":37},"end":{"line":27,"column":6}},"11":{"start":{"line":28,"column":4},"end":{"line":32,"column":8}},"12":{"start":{"line":29,"column":6},"end":{"line":32,"column":8}},"13":{"start":{"line":33,"column":4},"end":{"line":33,"column":20}},"14":{"start":{"line":37,"column":21},"end":{"line":37,"column":53}},"15":{"start":{"line":38,"column":28},"end":{"line":39,"column":null}},"16":{"start":{"line":42,"column":4},"end":{"line":46,"column":null}},"17":{"start":{"line":43,"column":22},"end":{"line":43,"column":58}},"18":{"start":{"line":44,"column":6},"end":{"line":44,"column":63}},"19":{"start":{"line":45,"column":6},"end":{"line":45,"column":31}},"20":{"start":{"line":48,"column":4},"end":{"line":48,"column":27}},"21":{"start":{"line":52,"column":35},"end":{"line":55,"column":6}},"22":{"start":{"line":56,"column":4},"end":{"line":60,"column":8}},"23":{"start":{"line":57,"column":6},"end":{"line":60,"column":8}},"24":{"start":{"line":61,"column":4},"end":{"line":61,"column":19}},"25":{"start":{"line":68,"column":22},"end":{"line":68,"column":59}},"26":{"start":{"line":69,"column":20},"end":{"line":69,"column":56}},"27":{"start":{"line":70,"column":47},"end":{"line":71,"column":null}},"28":{"start":{"line":71,"column":36},"end":{"line":71,"column":64}},"29":{"start":{"line":74,"column":4},"end":{"line":78,"column":8}},"30":{"start":{"line":75,"column":6},"end":{"line":78,"column":8}},"31":{"start":{"line":80,"column":4},"end":{"line":80,"column":30}},"32":{"start":{"line":87,"column":22},"end":{"line":87,"column":59}},"33":{"start":{"line":88,"column":20},"end":{"line":88,"column":56}},"34":{"start":{"line":90,"column":37},"end":{"line":92,"column":6}},"35":{"start":{"line":91,"column":6},"end":{"line":91,"column":32}},"36":{"start":{"line":94,"column":4},"end":{"line":99,"column":null}},"37":{"start":{"line":95,"column":6},"end":{"line":98,"column":8}},"38":{"start":{"line":101,"column":4},"end":{"line":101,"column":58}},"39":{"start":{"line":102,"column":4},"end":{"line":102,"column":54}},"40":{"start":{"line":106,"column":20},"end":{"line":106,"column":56}},"41":{"start":{"line":108,"column":4},"end":{"line":110,"column":null}},"42":{"start":{"line":108,"column":17},"end":{"line":108,"column":18}},"43":{"start":{"line":109,"column":6},"end":{"line":109,"column":50}},"44":{"start":{"line":111,"column":4},"end":{"line":111,"column":34}},"45":{"start":{"line":112,"column":4},"end":{"line":112,"column":54}},"46":{"start":{"line":116,"column":22},"end":{"line":116,"column":59}},"47":{"start":{"line":117,"column":20},"end":{"line":117,"column":56}},"48":{"start":{"line":119,"column":36},"end":{"line":120,"column":null}},"49":{"start":{"line":120,"column":30},"end":{"line":120,"column":52}},"50":{"start":{"line":122,"column":4},"end":{"line":126,"column":8}},"51":{"start":{"line":123,"column":6},"end":{"line":126,"column":8}},"52":{"start":{"line":128,"column":4},"end":{"line":128,"column":78}},"53":{"start":{"line":128,"column":57},"end":{"line":128,"column":76}},"54":{"start":{"line":129,"column":4},"end":{"line":129,"column":47}},"55":{"start":{"line":13,"column":13},"end":{"line":131,"column":null}},"56":{"start":{"line":13,"column":13},"end":{"line":13,"column":35}}},"fnMap":{"0":{"name":"(anonymous_4)","decl":{"start":{"line":14,"column":2},"end":{"line":14,"column":null}},"loc":{"start":{"line":21,"column":63},"end":{"line":22,"column":6}}},"1":{"name":"(anonymous_5)","decl":{"start":{"line":24,"column":2},"end":{"line":24,"column":7}},"loc":{"start":{"line":24,"column":42},"end":{"line":34,"column":3}}},"2":{"name":"(anonymous_6)","decl":{"start":{"line":36,"column":2},"end":{"line":36,"column":7}},"loc":{"start":{"line":36,"column":49},"end":{"line":49,"column":3}}},"3":{"name":"(anonymous_7)","decl":{"start":{"line":51,"column":2},"end":{"line":51,"column":7}},"loc":{"start":{"line":51,"column":40},"end":{"line":62,"column":3}}},"4":{"name":"(anonymous_8)","decl":{"start":{"line":64,"column":2},"end":{"line":64,"column":7}},"loc":{"start":{"line":66,"column":21},"end":{"line":81,"column":3}}},"5":{"name":"(anonymous_9)","decl":{"start":{"line":71,"column":6},"end":{"line":71,"column":7}},"loc":{"start":{"line":71,"column":36},"end":{"line":71,"column":64}}},"6":{"name":"(anonymous_10)","decl":{"start":{"line":83,"column":2},"end":{"line":83,"column":7}},"loc":{"start":{"line":85,"column":21},"end":{"line":103,"column":3}}},"7":{"name":"(anonymous_11)","decl":{"start":{"line":90,"column":60},"end":{"line":90,"column":61}},"loc":{"start":{"line":90,"column":66},"end":{"line":92,"column":5}}},"8":{"name":"(anonymous_12)","decl":{"start":{"line":105,"column":2},"end":{"line":105,"column":7}},"loc":{"start":{"line":105,"column":76},"end":{"line":113,"column":3}}},"9":{"name":"(anonymous_13)","decl":{"start":{"line":115,"column":2},"end":{"line":115,"column":7}},"loc":{"start":{"line":115,"column":70},"end":{"line":130,"column":3}}},"10":{"name":"(anonymous_14)","decl":{"start":{"line":120,"column":6},"end":{"line":120,"column":7}},"loc":{"start":{"line":120,"column":30},"end":{"line":120,"column":52}}},"11":{"name":"(anonymous_15)","decl":{"start":{"line":128,"column":49},"end":{"line":128,"column":50}},"loc":{"start":{"line":128,"column":57},"end":{"line":128,"column":76}}}},"branchMap":{"0":{"loc":{"start":{"line":28,"column":4},"end":{"line":32,"column":8}},"type":"if","locations":[{"start":{"line":28,"column":4},"end":{"line":32,"column":8}}]},"1":{"loc":{"start":{"line":42,"column":4},"end":{"line":46,"column":null}},"type":"if","locations":[{"start":{"line":42,"column":4},"end":{"line":46,"column":null}}]},"2":{"loc":{"start":{"line":56,"column":4},"end":{"line":60,"column":8}},"type":"if","locations":[{"start":{"line":56,"column":4},"end":{"line":60,"column":8}}]},"3":{"loc":{"start":{"line":74,"column":4},"end":{"line":78,"column":8}},"type":"if","locations":[{"start":{"line":74,"column":4},"end":{"line":78,"column":8}}]},"4":{"loc":{"start":{"line":94,"column":4},"end":{"line":99,"column":null}},"type":"if","locations":[{"start":{"line":94,"column":4},"end":{"line":99,"column":null}}]},"5":{"loc":{"start":{"line":122,"column":4},"end":{"line":126,"column":8}},"type":"if","locations":[{"start":{"line":122,"column":4},"end":{"line":126,"column":8}}]}},"s":{"0":1,"1":1,"2":1,"3":1,"4":1,"5":1,"6":1,"7":8,"8":8,"9":8,"10":6,"11":6,"12":2,"13":4,"14":1,"15":1,"16":1,"17":1,"18":1,"19":1,"20":0,"21":5,"22":5,"23":2,"24":3,"25":3,"26":2,"27":1,"28":1,"29":1,"30":0,"31":1,"32":3,"33":2,"34":1,"35":5,"36":1,"37":0,"38":1,"39":1,"40":0,"41":0,"42":0,"43":0,"44":0,"45":0,"46":0,"47":0,"48":0,"49":0,"50":0,"51":0,"52":0,"53":0,"54":0,"55":1,"56":1},"f":{"0":8,"1":6,"2":1,"3":5,"4":3,"5":1,"6":3,"7":5,"8":0,"9":0,"10":0,"11":0},"b":{"0":[2],"1":[1],"2":[2],"3":[0],"4":[0],"5":[0]}}
,"/Users/felipepena/code/culturas-api/src/cultura-receta/cultura-receta.controller.ts": {"path":"/Users/felipepena/code/culturas-api/src/cultura-receta/cultura-receta.controller.ts","statementMap":{"0":{"start":{"line":1,"column":0},"end":{"line":1,"column":null}},"1":{"start":{"line":13,"column":0},"end":{"line":13,"column":52}},"2":{"start":{"line":14,"column":0},"end":{"line":14,"column":60}},"3":{"start":{"line":15,"column":0},"end":{"line":15,"column":62}},"4":{"start":{"line":16,"column":0},"end":{"line":16,"column":57}},"5":{"start":{"line":17,"column":0},"end":{"line":17,"column":49}},"6":{"start":{"line":18,"column":0},"end":{"line":18,"column":56}},"7":{"start":{"line":20,"column":0},"end":{"line":20,"column":95}},"8":{"start":{"line":21,"column":0},"end":{"line":21,"column":64}},"9":{"start":{"line":26,"column":0},"end":{"line":84,"column":null}},"10":{"start":{"line":27,"column":31},"end":{"line":27,"column":53}},"11":{"start":{"line":35,"column":4},"end":{"line":38,"column":6}},"12":{"start":{"line":47,"column":4},"end":{"line":50,"column":6}},"13":{"start":{"line":56,"column":4},"end":{"line":56,"column":77}},"14":{"start":{"line":65,"column":20},"end":{"line":65,"column":61}},"15":{"start":{"line":66,"column":4},"end":{"line":69,"column":6}},"16":{"start":{"line":79,"column":4},"end":{"line":82,"column":6}},"17":{"start":{"line":31,"column":2},"end":{"line":39,"column":null}},"18":{"start":{"line":43,"column":2},"end":{"line":51,"column":null}},"19":{"start":{"line":55,"column":2},"end":{"line":57,"column":null}},"20":{"start":{"line":61,"column":2},"end":{"line":70,"column":null}},"21":{"start":{"line":75,"column":2},"end":{"line":83,"column":null}},"22":{"start":{"line":26,"column":13},"end":{"line":84,"column":null}},"23":{"start":{"line":26,"column":13},"end":{"line":26,"column":36}}},"fnMap":{"0":{"name":"(anonymous_4)","decl":{"start":{"line":27,"column":2},"end":{"line":27,"column":31}},"loc":{"start":{"line":27,"column":73},"end":{"line":27,"column":77}}},"1":{"name":"(anonymous_5)","decl":{"start":{"line":31,"column":2},"end":{"line":31,"column":7}},"loc":{"start":{"line":33,"column":39},"end":{"line":39,"column":3}}},"2":{"name":"(anonymous_6)","decl":{"start":{"line":43,"column":2},"end":{"line":43,"column":7}},"loc":{"start":{"line":45,"column":39},"end":{"line":51,"column":3}}},"3":{"name":"(anonymous_7)","decl":{"start":{"line":55,"column":2},"end":{"line":55,"column":7}},"loc":{"start":{"line":55,"column":68},"end":{"line":57,"column":3}}},"4":{"name":"(anonymous_8)","decl":{"start":{"line":61,"column":2},"end":{"line":61,"column":7}},"loc":{"start":{"line":63,"column":41},"end":{"line":70,"column":3}}},"5":{"name":"(anonymous_9)","decl":{"start":{"line":75,"column":2},"end":{"line":75,"column":7}},"loc":{"start":{"line":77,"column":39},"end":{"line":83,"column":3}}}},"branchMap":{},"s":{"0":0,"1":0,"2":0,"3":0,"4":0,"5":0,"6":0,"7":0,"8":0,"9":0,"10":0,"11":0,"12":0,"13":0,"14":0,"15":0,"16":0,"17":0,"18":0,"19":0,"20":0,"21":0,"22":0,"23":0},"f":{"0":0,"1":0,"2":0,"3":0,"4":0,"5":0},"b":{}}
,"/Users/felipepena/code/culturas-api/src/cultura-receta/cultura-receta.module.ts": {"path":"/Users/felipepena/code/culturas-api/src/cultura-receta/cultura-receta.module.ts","statementMap":{"0":{"start":{"line":1,"column":0},"end":{"line":1,"column":53}},"1":{"start":{"line":2,"column":0},"end":{"line":2,"column":48}},"2":{"start":{"line":3,"column":0},"end":{"line":3,"column":59}},"3":{"start":{"line":4,"column":0},"end":{"line":4,"column":56}},"4":{"start":{"line":5,"column":0},"end":{"line":5,"column":64}},"5":{"start":{"line":6,"column":0},"end":{"line":6,"column":70}},"6":{"start":{"line":7,"column":0},"end":{"line":7,"column":66}},"7":{"start":{"line":8,"column":0},"end":{"line":8,"column":52}},"8":{"start":{"line":24,"column":0},"end":{"line":24,"column":null}},"9":{"start":{"line":24,"column":13},"end":{"line":24,"column":null}},"10":{"start":{"line":24,"column":13},"end":{"line":24,"column":32}}},"fnMap":{},"branchMap":{},"s":{"0":0,"1":0,"2":0,"3":0,"4":0,"5":0,"6":0,"7":0,"8":0,"9":0,"10":0},"f":{},"b":{}}
,"/Users/felipepena/code/culturas-api/src/cultura-receta/cultura-receta.resolver.ts": {"path":"/Users/felipepena/code/culturas-api/src/cultura-receta/cultura-receta.resolver.ts","statementMap":{"0":{"start":{"line":1,"column":0},"end":{"line":1,"column":66}},"1":{"start":{"line":2,"column":0},"end":{"line":2,"column":52}},"2":{"start":{"line":3,"column":0},"end":{"line":3,"column":59}},"3":{"start":{"line":4,"column":0},"end":{"line":4,"column":56}},"4":{"start":{"line":5,"column":0},"end":{"line":5,"column":64}},"5":{"start":{"line":8,"column":0},"end":{"line":59,"column":null}},"6":{"start":{"line":9,"column":31},"end":{"line":9,"column":53}},"7":{"start":{"line":16,"column":4},"end":{"line":16,"column":75}},"8":{"start":{"line":21,"column":4},"end":{"line":21,"column":71}},"9":{"start":{"line":29,"column":4},"end":{"line":32,"column":6}},"10":{"start":{"line":41,"column":20},"end":{"line":43,"column":null}},"11":{"start":{"line":43,"column":29},"end":{"line":43,"column":35}},"12":{"start":{"line":45,"column":4},"end":{"line":48,"column":6}},"13":{"start":{"line":56,"column":4},"end":{"line":56,"column":71}},"14":{"start":{"line":57,"column":4},"end":{"line":57,"column":21}},"15":{"start":{"line":12,"column":2},"end":{"line":17,"column":null}},"16":{"start":{"line":11,"column":18},"end":{"line":11,"column":31}},"17":{"start":{"line":20,"column":2},"end":{"line":22,"column":null}},"18":{"start":{"line":19,"column":15},"end":{"line":19,"column":29}},"19":{"start":{"line":25,"column":2},"end":{"line":33,"column":null}},"20":{"start":{"line":24,"column":15},"end":{"line":24,"column":27}},"21":{"start":{"line":36,"column":2},"end":{"line":49,"column":null}},"22":{"start":{"line":35,"column":18},"end":{"line":35,"column":31}},"23":{"start":{"line":38,"column":43},"end":{"line":38,"column":51}},"24":{"start":{"line":52,"column":2},"end":{"line":58,"column":null}},"25":{"start":{"line":51,"column":18},"end":{"line":51,"column":24}},"26":{"start":{"line":8,"column":13},"end":{"line":59,"column":null}},"27":{"start":{"line":8,"column":13},"end":{"line":8,"column":34}}},"fnMap":{"0":{"name":"(anonymous_4)","decl":{"start":{"line":9,"column":2},"end":{"line":9,"column":31}},"loc":{"start":{"line":9,"column":73},"end":{"line":9,"column":77}}},"1":{"name":"(anonymous_5)","decl":{"start":{"line":12,"column":2},"end":{"line":12,"column":18}},"loc":{"start":{"line":14,"column":38},"end":{"line":17,"column":3}}},"2":{"name":"(anonymous_6)","decl":{"start":{"line":20,"column":2},"end":{"line":20,"column":24}},"loc":{"start":{"line":20,"column":61},"end":{"line":22,"column":3}}},"3":{"name":"(anonymous_7)","decl":{"start":{"line":25,"column":2},"end":{"line":25,"column":31}},"loc":{"start":{"line":27,"column":38},"end":{"line":33,"column":3}}},"4":{"name":"(anonymous_8)","decl":{"start":{"line":36,"column":2},"end":{"line":36,"column":25}},"loc":{"start":{"line":39,"column":23},"end":{"line":49,"column":3}}},"5":{"name":"(anonymous_9)","decl":{"start":{"line":43,"column":20},"end":{"line":43,"column":21}},"loc":{"start":{"line":43,"column":29},"end":{"line":43,"column":35}}},"6":{"name":"(anonymous_10)","decl":{"start":{"line":52,"column":2},"end":{"line":52,"column":21}},"loc":{"start":{"line":54,"column":38},"end":{"line":58,"column":3}}},"7":{"name":"(anonymous_11)","decl":{"start":{"line":11,"column":12},"end":{"line":11,"column":15}},"loc":{"start":{"line":11,"column":18},"end":{"line":11,"column":31}}},"8":{"name":"(anonymous_12)","decl":{"start":{"line":19,"column":9},"end":{"line":19,"column":12}},"loc":{"start":{"line":19,"column":15},"end":{"line":19,"column":29}}},"9":{"name":"(anonymous_13)","decl":{"start":{"line":24,"column":9},"end":{"line":24,"column":12}},"loc":{"start":{"line":24,"column":15},"end":{"line":24,"column":27}}},"10":{"name":"(anonymous_14)","decl":{"start":{"line":35,"column":12},"end":{"line":35,"column":15}},"loc":{"start":{"line":35,"column":18},"end":{"line":35,"column":31}}},"11":{"name":"(anonymous_15)","decl":{"start":{"line":38,"column":37},"end":{"line":38,"column":40}},"loc":{"start":{"line":38,"column":43},"end":{"line":38,"column":51}}},"12":{"name":"(anonymous_16)","decl":{"start":{"line":51,"column":12},"end":{"line":51,"column":15}},"loc":{"start":{"line":51,"column":18},"end":{"line":51,"column":24}}}},"branchMap":{},"s":{"0":0,"1":0,"2":0,"3":0,"4":0,"5":0,"6":0,"7":0,"8":0,"9":0,"10":0,"11":0,"12":0,"13":0,"14":0,"15":0,"16":0,"17":0,"18":0,"19":0,"20":0,"21":0,"22":0,"23":0,"24":0,"25":0,"26":0,"27":0},"f":{"0":0,"1":0,"2":0,"3":0,"4":0,"5":0,"6":0,"7":0,"8":0,"9":0,"10":0,"11":0,"12":0},"b":{}}
,"/Users/felipepena/code/culturas-api/src/cultura-receta/cultura-receta.service.ts": {"path":"/Users/felipepena/code/culturas-api/src/cultura-receta/cultura-receta.service.ts","statementMap":{"0":{"start":{"line":1,"column":0},"end":{"line":1,"column":67}},"1":{"start":{"line":2,"column":0},"end":{"line":2,"column":51}},"2":{"start":{"line":3,"column":0},"end":{"line":3,"column":58}},"3":{"start":{"line":4,"column":0},"end":{"line":4,"column":55}},"4":{"start":{"line":5,"column":0},"end":{"line":5,"column":null}},"5":{"start":{"line":9,"column":0},"end":{"line":9,"column":37}},"6":{"start":{"line":13,"column":0},"end":{"line":123,"column":null}},"7":{"start":{"line":16,"column":21},"end":{"line":16,"column":39}},"8":{"start":{"line":19,"column":21},"end":{"line":19,"column":40}},"9":{"start":{"line":21,"column":44},"end":{"line":21,"column":63}},"10":{"start":{"line":25,"column":33},"end":{"line":27,"column":6}},"11":{"start":{"line":28,"column":4},"end":{"line":32,"column":8}},"12":{"start":{"line":29,"column":6},"end":{"line":32,"column":8}},"13":{"start":{"line":33,"column":4},"end":{"line":33,"column":18}},"14":{"start":{"line":37,"column":35},"end":{"line":40,"column":6}},"15":{"start":{"line":41,"column":4},"end":{"line":45,"column":8}},"16":{"start":{"line":42,"column":6},"end":{"line":45,"column":8}},"17":{"start":{"line":46,"column":4},"end":{"line":46,"column":19}},"18":{"start":{"line":50,"column":21},"end":{"line":50,"column":51}},"19":{"start":{"line":51,"column":26},"end":{"line":51,"column":79}},"20":{"start":{"line":52,"column":4},"end":{"line":56,"column":null}},"21":{"start":{"line":53,"column":22},"end":{"line":53,"column":65}},"22":{"start":{"line":54,"column":6},"end":{"line":54,"column":61}},"23":{"start":{"line":55,"column":6},"end":{"line":55,"column":29}},"24":{"start":{"line":57,"column":4},"end":{"line":57,"column":25}},"25":{"start":{"line":64,"column":19},"end":{"line":64,"column":59}},"26":{"start":{"line":65,"column":20},"end":{"line":65,"column":63}},"27":{"start":{"line":67,"column":40},"end":{"line":68,"column":null}},"28":{"start":{"line":68,"column":13},"end":{"line":68,"column":31}},"29":{"start":{"line":71,"column":4},"end":{"line":75,"column":8}},"30":{"start":{"line":72,"column":6},"end":{"line":75,"column":8}},"31":{"start":{"line":77,"column":4},"end":{"line":77,"column":25}},"32":{"start":{"line":84,"column":19},"end":{"line":84,"column":59}},"33":{"start":{"line":85,"column":20},"end":{"line":85,"column":63}},"34":{"start":{"line":87,"column":4},"end":{"line":87,"column":51}},"35":{"start":{"line":88,"column":4},"end":{"line":88,"column":54}},"36":{"start":{"line":95,"column":20},"end":{"line":95,"column":63}},"37":{"start":{"line":97,"column":4},"end":{"line":99,"column":null}},"38":{"start":{"line":97,"column":17},"end":{"line":97,"column":18}},"39":{"start":{"line":98,"column":6},"end":{"line":98,"column":52}},"40":{"start":{"line":101,"column":4},"end":{"line":101,"column":30}},"41":{"start":{"line":102,"column":4},"end":{"line":102,"column":54}},"42":{"start":{"line":106,"column":19},"end":{"line":106,"column":59}},"43":{"start":{"line":108,"column":20},"end":{"line":108,"column":63}},"44":{"start":{"line":110,"column":40},"end":{"line":111,"column":null}},"45":{"start":{"line":111,"column":13},"end":{"line":111,"column":31}},"46":{"start":{"line":114,"column":4},"end":{"line":118,"column":8}},"47":{"start":{"line":115,"column":6},"end":{"line":118,"column":8}},"48":{"start":{"line":120,"column":4},"end":{"line":120,"column":71}},"49":{"start":{"line":120,"column":52},"end":{"line":120,"column":69}},"50":{"start":{"line":121,"column":4},"end":{"line":121,"column":47}},"51":{"start":{"line":13,"column":13},"end":{"line":123,"column":null}},"52":{"start":{"line":13,"column":13},"end":{"line":13,"column":33}}},"fnMap":{"0":{"name":"(anonymous_4)","decl":{"start":{"line":14,"column":2},"end":{"line":14,"column":null}},"loc":{"start":{"line":21,"column":63},"end":{"line":22,"column":6}}},"1":{"name":"(anonymous_5)","decl":{"start":{"line":24,"column":2},"end":{"line":24,"column":7}},"loc":{"start":{"line":24,"column":44},"end":{"line":34,"column":3}}},"2":{"name":"(anonymous_6)","decl":{"start":{"line":36,"column":2},"end":{"line":36,"column":7}},"loc":{"start":{"line":36,"column":47},"end":{"line":47,"column":3}}},"3":{"name":"(anonymous_7)","decl":{"start":{"line":49,"column":2},"end":{"line":49,"column":7}},"loc":{"start":{"line":49,"column":48},"end":{"line":58,"column":3}}},"4":{"name":"(anonymous_8)","decl":{"start":{"line":60,"column":2},"end":{"line":60,"column":7}},"loc":{"start":{"line":62,"column":20},"end":{"line":78,"column":3}}},"5":{"name":"(anonymous_9)","decl":{"start":{"line":68,"column":6},"end":{"line":68,"column":7}},"loc":{"start":{"line":68,"column":13},"end":{"line":68,"column":31}}},"6":{"name":"(anonymous_10)","decl":{"start":{"line":80,"column":2},"end":{"line":80,"column":7}},"loc":{"start":{"line":82,"column":20},"end":{"line":89,"column":3}}},"7":{"name":"(anonymous_11)","decl":{"start":{"line":91,"column":2},"end":{"line":91,"column":7}},"loc":{"start":{"line":93,"column":27},"end":{"line":103,"column":3}}},"8":{"name":"(anonymous_12)","decl":{"start":{"line":105,"column":2},"end":{"line":105,"column":7}},"loc":{"start":{"line":105,"column":63},"end":{"line":122,"column":3}}},"9":{"name":"(anonymous_13)","decl":{"start":{"line":111,"column":6},"end":{"line":111,"column":7}},"loc":{"start":{"line":111,"column":13},"end":{"line":111,"column":31}}},"10":{"name":"(anonymous_14)","decl":{"start":{"line":120,"column":45},"end":{"line":120,"column":46}},"loc":{"start":{"line":120,"column":52},"end":{"line":120,"column":69}}}},"branchMap":{"0":{"loc":{"start":{"line":28,"column":4},"end":{"line":32,"column":8}},"type":"if","locations":[{"start":{"line":28,"column":4},"end":{"line":32,"column":8}}]},"1":{"loc":{"start":{"line":41,"column":4},"end":{"line":45,"column":8}},"type":"if","locations":[{"start":{"line":41,"column":4},"end":{"line":45,"column":8}}]},"2":{"loc":{"start":{"line":52,"column":4},"end":{"line":56,"column":null}},"type":"if","locations":[{"start":{"line":52,"column":4},"end":{"line":56,"column":null}}]},"3":{"loc":{"start":{"line":71,"column":4},"end":{"line":75,"column":8}},"type":"if","locations":[{"start":{"line":71,"column":4},"end":{"line":75,"column":8}}]},"4":{"loc":{"start":{"line":114,"column":4},"end":{"line":118,"column":8}},"type":"if","locations":[{"start":{"line":114,"column":4},"end":{"line":118,"column":8}}]}},"s":{"0":1,"1":1,"2":1,"3":1,"4":1,"5":1,"6":1,"7":17,"8":17,"9":17,"10":13,"11":13,"12":4,"13":9,"14":13,"15":13,"16":5,"17":8,"18":2,"19":2,"20":2,"21":2,"22":1,"23":1,"24":0,"25":4,"26":3,"27":2,"28":6,"29":2,"30":1,"31":1,"32":3,"33":2,"34":1,"35":1,"36":3,"37":2,"38":2,"39":2,"40":1,"41":1,"42":4,"43":3,"44":2,"45":6,"46":2,"47":1,"48":1,"49":5,"50":1,"51":1,"52":1},"f":{"0":17,"1":13,"2":13,"3":2,"4":4,"5":6,"6":3,"7":3,"8":4,"9":6,"10":5},"b":{"0":[4],"1":[5],"2":[2],"3":[1],"4":[1]}}
,"/Users/felipepena/code/culturas-api/src/cultura-restaurante/cultura-restaurante.controller.ts": {"path":"/Users/felipepena/code/culturas-api/src/cultura-restaurante/cultura-restaurante.controller.ts","statementMap":{"0":{"start":{"line":1,"column":0},"end":{"line":1,"column":95}},"1":{"start":{"line":2,"column":0},"end":{"line":2,"column":74}},"2":{"start":{"line":3,"column":0},"end":{"line":3,"column":null}},"3":{"start":{"line":16,"column":0},"end":{"line":16,"column":70}},"4":{"start":{"line":17,"column":0},"end":{"line":17,"column":52}},"5":{"start":{"line":18,"column":0},"end":{"line":18,"column":56}},"6":{"start":{"line":19,"column":0},"end":{"line":19,"column":61}},"7":{"start":{"line":20,"column":0},"end":{"line":20,"column":48}},"8":{"start":{"line":21,"column":0},"end":{"line":21,"column":59}},"9":{"start":{"line":26,"column":0},"end":{"line":88,"column":null}},"10":{"start":{"line":28,"column":21},"end":{"line":28,"column":48}},"11":{"start":{"line":37,"column":4},"end":{"line":40,"column":6}},"12":{"start":{"line":49,"column":4},"end":{"line":52,"column":6}},"13":{"start":{"line":58,"column":4},"end":{"line":60,"column":6}},"14":{"start":{"line":69,"column":25},"end":{"line":69,"column":75}},"15":{"start":{"line":70,"column":4},"end":{"line":73,"column":6}},"16":{"start":{"line":83,"column":4},"end":{"line":86,"column":6}},"17":{"start":{"line":33,"column":2},"end":{"line":41,"column":null}},"18":{"start":{"line":45,"column":2},"end":{"line":53,"column":null}},"19":{"start":{"line":57,"column":2},"end":{"line":61,"column":null}},"20":{"start":{"line":65,"column":2},"end":{"line":74,"column":null}},"21":{"start":{"line":79,"column":2},"end":{"line":87,"column":null}},"22":{"start":{"line":26,"column":13},"end":{"line":88,"column":null}},"23":{"start":{"line":26,"column":13},"end":{"line":26,"column":41}}},"fnMap":{"0":{"name":"(anonymous_4)","decl":{"start":{"line":27,"column":2},"end":{"line":27,"column":null}},"loc":{"start":{"line":28,"column":73},"end":{"l
[...]
,"/Users/felipepena/code/culturas-api/src/restaurante/restaurante.module.ts": {"path":"/Users/felipepena/code/culturas-api/src/restaurante/restaurante.module.ts","statementMap":{"0":{"start":{"line":1,"column":0},"end":{"line":1,"column":53}},"1":{"start":{"line":2,"column":0},"end":{"line":2,"column":48}},"2":{"start":{"line":3,"column":0},"end":{"line":3,"column":57}},"3":{"start":{"line":4,"column":0},"end":{"line":4,"column":59}},"4":{"start":{"line":5,"column":0},"end":{"line":5,"column":65}},"5":{"start":{"line":6,"column":0},"end":{"line":6,"column":52}},"6":{"start":{"line":7,"column":0},"end":{"line":7,"column":61}},"7":{"start":{"line":23,"column":0},"end":{"line":23,"column":null}},"8":{"start":{"line":23,"column":13},"end":{"line":23,"column":null}},"9":{"start":{"line":23,"column":13},"end":{"line":23,"column":30}}},"fnMap":{},"branchMap":{},"s":{"0":0,"1":0,"2":0,"3":0,"4":0,"5":0,"6":0,"7":0,"8":0,"9":0},"f":{},"b":{}}
,"/Users/felipepena/code/culturas-api/src/restaurante/restaurante.resolver.ts": {"path":"/Users/felipepena/code/culturas-api/src/restaurante/restaurante.resolver.ts","statementMap":{"0":{"start":{"line":1,"column":0},"end":{"line":1,"column":66}},"1":{"start":{"line":2,"column":0},"end":{"line":2,"column":52}},"2":{"start":{"line":3,"column":0},"end":{"line":3,"column":59}},"3":{"start":{"line":4,"column":0},"end":{"line":4,"column":57}},"4":{"start":{"line":5,"column":0},"end":{"line":5,"column":51}},"5":{"start":{"line":8,"column":0},"end":{"line":43,"column":null}},"6":{"start":{"line":9,"column":22},"end":{"line":9,"column":42}},"7":{"start":{"line":13,"column":4},"end":{"line":13,"column":45}},"8":{"start":{"line":18,"column":4},"end":{"line":18,"column":47}},"9":{"start":{"line":25,"column":24},"end":{"line":25,"column":74}},"10":{"start":{"line":26,"column":4},"end":{"line":26,"column":55}},"11":{"start":{"line":34,"column":24},"end":{"line":34,"column":74}},"12":{"start":{"line":35,"column":4},"end":{"line":35,"column":59}},"13":{"start":{"line":40,"column":4},"end":{"line":40,"column":39}},"14":{"start":{"line":41,"column":4},"end":{"line":41,"column":14}},"15":{"start":{"line":12,"column":2},"end":{"line":14,"column":null}},"16":{"start":{"line":11,"column":15},"end":{"line":11,"column":34}},"17":{"start":{"line":17,"column":2},"end":{"line":19,"column":null}},"18":{"start":{"line":16,"column":15},"end":{"line":16,"column":32}},"19":{"start":{"line":22,"column":2},"end":{"line":27,"column":null}},"20":{"start":{"line":21,"column":18},"end":{"line":21,"column":35}},"21":{"start":{"line":30,"column":2},"end":{"line":36,"column":null}},"22":{"start":{"line":29,"column":18},"end":{"line":29,"column":35}},"23":{"start":{"line":39,"column":2},"end":{"line":42,"column":null}},"24":{"start":{"line":38,"column":18},"end":{"line":38,"column":24}},"25":{"start":{"line":8,"column":13},"end":{"line":43,"column":null}},"26":{"start":{"line":8,"column":13},"end":{"line":8,"column":32}}},"fnMap":{"0":{"name":"(anonymous_4)","decl":{"start":{"line":9,"column":2},"end":{"line":9,"column":22}},"loc":{"start":{"line":9,"column":60},"end":{"line":9,"column":64}}},"1":{"name":"(anonymous_5)","decl":{"start":{"line":12,"column":2},"end":{"line":12,"column":14}},"loc":{"start":{"line":12,"column":14},"end":{"line":14,"column":3}}},"2":{"name":"(anonymous_6)","decl":{"start":{"line":17,"column":2},"end":{"line":17,"column":13}},"loc":{"start":{"line":17,"column":36},"end":{"line":19,"column":3}}},"3":{"name":"(anonymous_7)","decl":{"start":{"line":22,"column":2},"end":{"line":22,"column":19}},"loc":{"start":{"line":23,"column":55},"end":{"line":27,"column":3}}},"4":{"name":"(anonymous_8)","decl":{"start":{"line":30,"column":2},"end":{"line":30,"column":19}},"loc":{"start":{"line":32,"column":55},"end":{"line":36,"column":3}}},"5":{"name":"(anonymous_9)","decl":{"start":{"line":39,"column":2},"end":{"line":39,"column":19}},"loc":{"start":{"line":39,"column":42},"end":{"line":42,"column":3}}},"6":{"name":"(anonymous_10)","decl":{"start":{"line":11,"column":9},"end":{"line":11,"column":12}},"loc":{"start":{"line":11,"column":15},"end":{"line":11,"column":34}}},"7":{"name":"(anonymous_11)","decl":{"start":{"line":16,"column":9},"end":{"line":16,"column":12}},"loc":{"start":{"line":16,"column":15},"end":{"line":16,"column":32}}},"8":{"name":"(anonymous_12)","decl":{"start":{"line":21,"column":12},"end":{"line":21,"column":15}},"loc":{"start":{"line":21,"column":18},"end":{"line":21,"column":35}}},"9":{"name":"(anonymous_13)","decl":{"start":{"line":29,"column":12},"end":{"line":29,"column":15}},"loc":{"start":{"line":29,"column":18},"end":{"line":29,"column":35}}},"10":{"name":"(anonymous_14)","decl":{"start":{"line":38,"column":12},"end":{"line":38,"column":15}},"loc":{"start":{"line":38,"column":18},"end":{"line":38,"column":24}}}},"branchMap":{},"s":{"0":0,"1":0,"2":0,"3":0,"4":0,"5":0,"6":0,"7":0,"8":0,"9":0,"10":0,"11":0,"12":0,"13":0,"14":0,"15":0,"16":0,"17":0,"18":0,"19":0,"20":0,"21":0,"22":0,"23":0,"24":0,"25":0,"26":0},"f":{"0":0,"1":0,"2":0,"3":0,"4":0,"5":0,"6":0,"7":0,"8":0,"9":0,"10":0},"b":{}}
,"/Users/felipepena/code/culturas-api/src/restaurante/restaurante.service.ts": {"path":"/Users/felipepena/code/culturas-api/src/restaurante/restaurante.service.ts","statementMap":{"0":{"start":{"line":1,"column":0},"end":{"line":1,"column":67}},"1":{"start":{"line":3,"column":0},"end":{"line":3,"column":51}},"2":{"start":{"line":4,"column":0},"end":{"line":4,"column":null}},"3":{"start":{"line":8,"column":0},"end":{"line":8,"column":37}},"4":{"start":{"line":9,"column":0},"end":{"line":9,"column":57}},"5":{"start":{"line":12,"column":0},"end":{"line":91,"column":null}},"6":{"start":{"line":17,"column":21},"end":{"line":17,"column":44}},"7":{"start":{"line":20,"column":21},"end":{"line":20,"column":40}},"8":{"start":{"line":13,"column":2},"end":{"line":13,"column":28}},"9":{"start":{"line":24,"column":40},"end":{"line":26,"column":20}},"10":{"start":{"line":27,"column":4},"end":{"line":34,"column":null}},"11":{"start":{"line":29,"column":8},"end":{"line":31,"column":10}},"12":{"start":{"line":32,"column":6},"end":{"line":32,"column":76}},"13":{"start":{"line":33,"column":6},"end":{"line":33,"column":26}},"14":{"start":{"line":35,"column":4},"end":{"line":35,"column":18}},"15":{"start":{"line":40,"column":6},"end":{"line":43,"column":8}},"16":{"start":{"line":44,"column":4},"end":{"line":48,"column":8}},"17":{"start":{"line":45,"column":6},"end":{"line":48,"column":8}},"18":{"start":{"line":50,"column":4},"end":{"line":50,"column":23}},"19":{"start":{"line":54,"column":4},"end":{"line":54,"column":62}},"20":{"start":{"line":62,"column":6},"end":{"line":64,"column":8}},"21":{"start":{"line":66,"column":4},"end":{"line":70,"column":8}},"22":{"start":{"line":67,"column":6},"end":{"line":70,"column":8}},"23":{"start":{"line":72,"column":4},"end":{"line":75,"column":7}},"24":{"start":{"line":80,"column":6},"end":{"line":82,"column":8}},"25":{"start":{"line":83,"column":4},"end":{"line":87,"column":8}},"26":{"start":{"line":84,"column":6},"end":{"line":87,"column":8}},"27":{"start":{"line":89,"column":4},"end":{"line":89,"column":57}},"28":{"start":{"line":12,"column":13},"end":{"line":91,"column":null}},"29":{"start":{"line":12,"column":13},"end":{"line":12,"column":31}}},"fnMap":{"0":{"name":"(anonymous_4)","decl":{"start":{"line":15,"column":2},"end":{"line":15,"column":null}},"loc":{"start":{"line":20,"column":40},"end":{"line":21,"column":6}}},"1":{"name":"(anonymous_5)","decl":{"start":{"line":23,"column":2},"end":{"line":23,"column":7}},"loc":{"start":{"line":23,"column":15},"end":{"line":36,"column":3}}},"2":{"name":"(anonymous_6)","decl":{"start":{"line":38,"column":2},"end":{"line":38,"column":7}},"loc":{"start":{"line":38,"column":26},"end":{"line":51,"column":3}}},"3":{"name":"(anonymous_7)","decl":{"start":{"line":53,"column":2},"end":{"line":53,"column":7}},"loc":{"start":{"line":53,"column":45},"end":{"line":55,"column":3}}},"4":{"name":"(anonymous_8)","decl":{"start":{"line":57,"column":2},"end":{"line":57,"column":7}},"loc":{"start":{"line":59,"column":34},"end":{"line":76,"column":3}}},"5":{"name":"(anonymous_9)","decl":{"start":{"line":78,"column":2},"end":{"line":78,"column":7}},"loc":{"start":{"line":78,"column":25},"end":{"line":90,"column":3}}}},"branchMap":{"0":{"loc":{"start":{"line":27,"column":4},"end":{"line":34,"column":null}},"type":"if","locations":[{"start":{"line":27,"column":4},"end":{"line":34,"column":null}}]},"1":{"loc":{"start":{"line":44,"column":4},"end":{"line":48,"column":8}},"type":"if","locations":[{"start":{"line":44,"column":4},"end":{"line":48,"column":8}}]},"2":{"loc":{"start":{"line":66,"column":4},"end":{"line":70,"column":8}},"type":"if","locations":[{"start":{"line":66,"column":4},"end":{"line":70,"column":8}}]},"3":{"loc":{"start":{"line":83,"column":4},"end":{"line":87,"column":8}},"type":"if","locations":[{"start":{"line":83,"column":4},"end":{"line":87,"column":8}}]}},"s":{"0":1,"1":1,"2":1,"3":1,"4":1,"5":1,"6":9,"7":9,"8":9,"9":1,"10":1,"11":1,"12":1,"13":1,"14":0,"15":2,"16":2,"17":1,"18":1,"19":1,"20":2,"21":2,"22":1,"23":1,"24":3,"25":3,"26":1,"27":2,"28":1,"29":1},"f":{"0":9,"1":1,"2":2,"3":1,"4":2,"5":3},"b":{"0":[1],"1":[1],"2":[1],"3":[1]}}
,"/Users/felipepena/code/culturas-api/src/shared/errors/business-errors.ts": {"path":"/Users/felipepena/code/culturas-api/src/shared/errors/business-errors.ts","statementMap":{"0":{"start":{"line":2,"column":2},"end":{"line":2,"column":25}},"1":{"start":{"line":3,"column":2},"end":{"line":3,"column":19}},"2":{"start":{"line":1,"column":0},"end":{"line":1,"column":16}},"3":{"start":{"line":6,"column":0},"end":{"line":6,"column":null}},"4":{"start":{"line":7,"column":2},"end":{"line":7,"column":null}},"5":{"start":{"line":8,"column":2},"end":{"line":8,"column":null}},"6":{"start":{"line":9,"column":2},"end":{"line":9,"column":null}}},"fnMap":{"0":{"name":"BusinessLogicException","decl":{"start":{"line":1,"column":16},"end":{"line":1,"column":38}},"loc":{"start":{"line":1,"column":68},"end":{"line":4,"column":1}}},"1":{"name":"(anonymous_1)","decl":{"start":{"line":6,"column":0},"end":{"line":6,"column":12}},"loc":{"start":{"line":6,"column":25},"end":{"line":10,"column":1}}}},"branchMap":{"0":{"loc":{"start":{"line":6,"column":12},"end":{"line":6,"column":null}},"type":"binary-expr","locations":[{"start":{"line":6,"column":12},"end":{"line":6,"column":25}},{"start":{"line":6,"column":12},"end":{"line":6,"column":null}}]}},"s":{"0":50,"1":50,"2":9,"3":9,"4":9,"5":9,"6":9},"f":{"0":50,"1":9},"b":{"0":[9,9]}}
,"/Users/felipepena/code/culturas-api/src/shared/interceptors/business-errors.interceptor.ts": {"path":"/Users/felipepena/code/culturas-api/src/shared/interceptors/business-errors.interceptor.ts","statementMap":{"0":{"start":{"line":1,"column":0},"end":{"line":1,"column":null}},"1":{"start":{"line":9,"column":0},"end":{"line":9,"column":46}},"2":{"start":{"line":10,"column":0},"end":{"line":10,"column":58}},"3":{"start":{"line":13,"column":0},"end":{"line":30,"column":null}},"4":{"start":{"line":15,"column":4},"end":{"line":28,"column":6}},"5":{"start":{"line":17,"column":8},"end":{"line":26,"column":25}},"6":{"start":{"line":18,"column":10},"end":{"line":18,"column":71}},"7":{"start":{"line":19,"column":13},"end":{"line":26,"column":25}},"8":{"start":{"line":20,"column":10},"end":{"line":23,"column":12}},"9":{"start":{"line":24,"column":13},"end":{"line":26,"column":25}},"10":{"start":{"line":25,"column":10},"end":{"line":25,"column":73}},"11":{"start":{"line":26,"column":13},"end":{"line":26,"column":25}},"12":{"start":{"line":13,"column":13},"end":{"line":30,"column":null}},"13":{"start":{"line":13,"column":13},"end":{"line":13,"column":38}}},"fnMap":{"0":{"name":"(anonymous_1)","decl":{"start":{"line":14,"column":2},"end":{"line":14,"column":11}},"loc":{"start":{"line":14,"column":56},"end":{"line":29,"column":3}}},"1":{"name":"(anonymous_2)","decl":{"start":{"line":16,"column":17},"end":{"line":16,"column":18}},"loc":{"start":{"line":16,"column":27},"end":{"line":27,"column":7}}}},"branchMap":{"0":{"loc":{"start":{"line":17,"column":8},"end":{"line":26,"column":25}},"type":"if","locations":[{"start":{"line":17,"column":8},"end":{"line":26,"column":25}},{"start":{"line":19,"column":13},"end":{"line":26,"column":25}}]},"1":{"loc":{"start":{"line":19,"column":13},"end":{"line":26,"column":25}},"type":"if","locations":[{"start":{"line":19,"column":13},"end":{"line":26,"column":25}},{"start":{"line":24,"column":13},"end":{"line":26,"column":25}}]},"2":{"loc":{"start":{"line":24,"column":13},"end":{"line":26,"column":25}},"type":"if","locations":[{"start":{"line":24,"column":13},"end":{"line":26,"column":25}},{"start":{"line":26,"column":13},"end":{"line":26,"column":25}}]}},"s":{"0":0,"1":0,"2":0,"3":0,"4":0,"5":0,"6":0,"7":0,"8":0,"9":0,"10":0,"11":0,"12":0,"13":0},"f":{"0":0,"1":0},"b":{"0":[0,0],"1":[0,0],"2":[0,0]}}
,"/Users/felipepena/code/culturas-api/src/shared/security/constants.ts": {"path":"/Users/felipepena/code/culturas-api/src/shared/security/constants.ts","statementMap":{"0":{"start":{"line":1,"column":21},"end":{"line":4,"column":2}},"1":{"start":{"line":6,"column":0},"end":{"line":6,"column":28}}},"fnMap":{},"branchMap":{},"s":{"0":1,"1":1},"f":{},"b":{}}
,"/Users/felipepena/code/culturas-api/src/shared/testing-utils/typeorm-testing-config.ts": {"path":"/Users/felipepena/code/culturas-api/src/shared/testing-utils/typeorm-testing-config.ts","statementMap":{"0":{"start":{"line":1,"column":0},"end":{"line":1,"column":48}},"1":{"start":{"line":2,"column":0},"end":{"line":2,"column":73}},"2":{"start":{"line":3,"column":0},"end":{"line":3,"column":52}},"3":{"start":{"line":4,"column":0},"end":{"line":4,"column":61}},"4":{"start":{"line":5,"column":0},"end":{"line":5,"column":58}},"5":{"start":{"line":6,"column":0},"end":{"line":6,"column":64}},"6":{"start":{"line":7,"column":0},"end":{"line":7,"column":93}},"7":{"start":{"line":9,"column":36},"end":{"line":33,"column":2}},"8":{"start":{"line":9,"column":42},"end":{"line":33,"column":2}},"9":{"start":{"line":9,"column":13},"end":{"line":9,"column":36}}},"fnMap":{"0":{"name":"(anonymous_0)","decl":{"start":{"line":9,"column":36},"end":{"line":9,"column":39}},"loc":{"start":{"line":9,"column":42},"end":{"line":33,"column":2}}}},"branchMap":{},"s":{"0":9,"1":9,"2":9,"3":9,"4":9,"5":9,"6":9,"7":9,"8":102,"9":9},"f":{"0":102},"b":{}}
,"/Users/felipepena/code/culturas-api/src/user/user.controller.ts": {"path":"/Users/felipepena/code/culturas-api/src/user/user.controller.ts","statementMap":{"0":{"start":{"line":1,"column":0},"end":{"line":1,"column":66}},"1":{"start":{"line":2,"column":0},"end":{"line":2,"column":65}},"2":{"start":{"line":3,"column":0},"end":{"line":3,"column":51}},"3":{"start":{"line":6,"column":0},"end":{"line":13,"column":null}},"4":{"start":{"line":7,"column":31},"end":{"line":7,"column":44}},"5":{"start":{"line":11,"column":4},"end":{"line":11,"column":39}},"6":{"start":{"line":10,"column":2},"end":{"line":12,"column":null}},"7":{"start":{"line":6,"column":13},"end":{"line":13,"column":null}},"8":{"start":{"line":6,"column":13},"end":{"line":6,"column":27}}},"fnMap":{"0":{"name":"(anonymous_4)","decl":{"start":{"line":7,"column":2},"end":{"line":7,"column":31}},"loc":{"start":{"line":7,"column":55},"end":{"line":7,"column":59}}},"1":{"name":"(anonymous_5)","decl":{"start":{"line":10,"column":2},"end":{"line":10,"column":7}},"loc":{"start":{"line":10,"column":24},"end":{"line":12,"column":3}}}},"branchMap":{},"s":{"0":1,"1":1,"2":1,"3":1,"4":1,"5":0,"6":1,"7":1,"8":1},"f":{"0":1,"1":0},"b":{}}
,"/Users/felipepena/code/culturas-api/src/user/user.module.ts": {"path":"/Users/felipepena/code/culturas-api/src/user/user.module.ts","statementMap":{"0":{"start":{"line":1,"column":0},"end":{"line":1,"column":40}},"1":{"start":{"line":2,"column":0},"end":{"line":2,"column":45}},"2":{"start":{"line":3,"column":0},"end":{"line":3,"column":51}},"3":{"start":{"line":4,"column":0},"end":{"line":4,"column":51}},"4":{"start":{"line":5,"column":0},"end":{"line":5,"column":41}},"5":{"start":{"line":11,"column":0},"end":{"line":11,"column":null}},"6":{"start":{"line":11,"column":13},"end":{"line":11,"column":null}},"7":{"start":{"line":11,"column":13},"end":{"line":11,"column":23}}},"fnMap":{},"branchMap":{},"s":{"0":1,"1":1,"2":1,"3":1,"4":1,"5":1,"6":1,"7":1},"f":{},"b":{}}
,"/Users/felipepena/code/culturas-api/src/user/user.service.ts": {"path":"/Users/felipepena/code/culturas-api/src/user/user.service.ts","statementMap":{"0":{"start":{"line":2,"column":0},"end":{"line":2,"column":44}},"1":{"start":{"line":3,"column":0},"end":{"line":3,"column":30}},"2":{"start":{"line":4,"column":0},"end":{"line":4,"column":48}},"3":{"start":{"line":7,"column":0},"end":{"line":28,"column":null}},"4":{"start":{"line":8,"column":10},"end":{"line":23,"column":4}},"5":{"start":{"line":26,"column":4},"end":{"line":26,"column":65}},"6":{"start":{"line":26,"column":37},"end":{"line":26,"column":63}},"7":{"start":{"line":7,"column":13},"end":{"line":28,"column":null}},"8":{"start":{"line":7,"column":13},"end":{"line":7,"column":24}}},"fnMap":{"0":{"name":"(anonymous_1)","decl":{"start":{"line":7,"column":0},"end":{"line":7,"column":13}},"loc":{"start":{"line":7,"column":0},"end":{"line":28,"column":1}}},"1":{"name":"(anonymous_2)","decl":{"start":{"line":25,"column":2},"end":{"line":25,"column":7}},"loc":{"start":{"line":25,"column":32},"end":{"line":27,"column":3}}},"2":{"name":"(anonymous_3)","decl":{"start":{"line":26,"column":27},"end":{"line":26,"column":28}},"loc":{"start":{"line":26,"column":37},"end":{"line":26,"column":63}}}},"branchMap":{},"s":{"0":2,"1":2,"2":2,"3":2,"4":3,"5":0,"6":0,"7":2,"8":2},"f":{"0":3,"1":0,"2":0},"b":{}}
,"/Users/felipepena/code/culturas-api/src/user/user.ts": {"path":"/Users/felipepena/code/culturas-api/src/user/user.ts","statementMap":{"0":{"start":{"line":11,"column":8},"end":{"line":11,"column":21}},"1":{"start":{"line":12,"column":8},"end":{"line":12,"column":33}},"2":{"start":{"line":13,"column":8},"end":{"line":13,"column":33}},"3":{"start":{"line":14,"column":8},"end":{"line":14,"column":27}},"4":{"start":{"line":4,"column":0},"end":{"line":4,"column":13}}},"fnMap":{"0":{"name":"(anonymous_0)","decl":{"start":{"line":10,"column":4},"end":{"line":10,"column":16}},"loc":{"start":{"line":10,"column":77},"end":{"line":15,"column":5}}}},"branchMap":{},"s":{"0":27,"1":27,"2":27,"3":27,"4":2},"f":{"0":27},"b":{}}
}
