TN:
SF:src/app.controller.ts
FN:6,(anonymous_2)
FN:9,(anonymous_3)
FNF:2
FNH:2
FNDA:1,(anonymous_2)
FNDA:1,(anonymous_3)
DA:1,1
DA:2,1
DA:5,1
DA:6,1
DA:9,1
DA:10,1
LF:6
LH:6
BRF:0
BRH:0
end_of_record
TN:
SF:src/app.module.ts
FNF:0
FNH:0
DA:1,0
DA:2,0
DA:3,0
DA:4,0
DA:5,0
DA:6,0
DA:7,0
DA:8,0
DA:9,0
DA:10,0
DA:11,0
DA:12,0
DA:13,0
DA:14,0
DA:15,0
DA:16,0
DA:17,0
DA:18,0
DA:19,0
DA:20,0
DA:21,0
DA:22,0
DA:23,0
DA:24,0
DA:25,0
DA:69,0
LF:26
LH:0
BRF:0
BRH:0
end_of_record
TN:
SF:src/app.service.ts
FN:5,(anonymous_1)
FNF:1
FNH:1
FNDA:1,(anonymous_1)
DA:1,1
DA:4,1
DA:6,1
LF:3
LH:3
BRF:0
BRH:0
end_of_record
TN:
SF:src/main.ts
FN:5,bootstrap
FNF:1
FNH:0
FNDA:0,bootstrap
DA:1,0
DA:2,0
DA:3,0
DA:6,0
DA:7,0
DA:13,0
DA:15,0
DA:17,0
LF:8
LH:0
BRF:0
BRH:0
end_of_record
TN:
SF:src/auth/auth.module.ts
FNF:0
FNH:0
DA:1,0
DA:2,0
DA:3,0
DA:4,0
DA:5,0
DA:6,0
DA:7,0
DA:8,0
DA:9,0
DA:23,0
LF:10
LH:0
BRF:0
BRH:0
end_of_record
TN:
SF:src/auth/auth.service.ts
FN:10,(anonymous_3)
FN:15,(anonymous_4)
FN:24,(anonymous_5)
FNF:3
FNH:1
FNDA:2,(anonymous_3)
FNDA:0,(anonymous_4)
FNDA:0,(anonymous_5)
DA:2,1
DA:3,1
DA:4,1
DA:6,1
DA:9,1
DA:11,2
DA:12,2
DA:16,0
DA:17,0
DA:18,0
DA:19,0
DA:21,0
DA:25,0
DA:26,0
LF:14
LH:7
BRDA:17,0,0,0
BRDA:17,1,0,0
BRDA:17,1,1,0
BRF:3
BRH:0
end_of_record
TN:
SF:src/auth/Decorators/roles.decorator.ts
FN:4,(anonymous_0)
FNF:1
FNH:0
FNDA:0,(anonymous_0)
DA:1,0
DA:4,0
LF:2
LH:0
BRF:0
BRH:0
end_of_record
TN:
SF:src/auth/guards/jwt-auth.guard.ts
FNF:0
FNH:0
DA:1,0
DA:2,0
DA:5,0
LF:3
LH:0
BRF:0
BRH:0
end_of_record
TN:
SF:src/auth/guards/local-auth.guard.ts
FNF:0
FNH:0
DA:1,1
DA:2,1
DA:5,1
LF:3
LH:3
BRF:0
BRH:0
end_of_record
TN:
SF:src/auth/guards/roles.guard.ts
FN:7,(anonymous_2)
FN:9,(anonymous_3)
FN:18,(anonymous_4)
FNF:3
FNH:0
FNDA:0,(anonymous_2)
FNDA:0,(anonymous_3)
FNDA:0,(anonymous_4)
DA:1,0
DA:2,0
DA:6,0
DA:7,0
DA:10,0
DA:14,0
DA:15,0
DA:17,0
DA:18,0
LF:9
LH:0
BRDA:14,0,0,0
BRDA:18,1,0,0
BRDA:18,1,1,0
BRDA:18,2,0,0
BRDA:18,2,1,0
BRDA:18,3,0,0
BRDA:18,3,1,0
BRDA:18,4,0,0
BRDA:18,4,1,0
BRF:9
BRH:0
end_of_record
TN:
SF:src/auth/models/role.enum.ts
FN:1,(anonymous_0)
FNF:1
FNH:1
FNDA:2,(anonymous_0)
DA:1,2
DA:2,2
DA:3,2
DA:4,2
DA:5,2
DA:6,2
DA:7,2
DA:8,2
DA:9,2
DA:10,2
LF:10
LH:10
BRDA:1,0,0,2
BRDA:1,0,1,2
BRF:2
BRH:2
end_of_record
TN:
SF:src/auth/strategies/jwt-strategy.ts
FN:8,(anonymous_2)
FN:16,(anonymous_3)
FNF:2
FNH:0
FNDA:0,(anonymous_2)
FNDA:0,(anonymous_3)
DA:1,0
DA:2,0
DA:3,0
DA:4,0
DA:7,0
DA:9,0
DA:17,0
LF:7
LH:0
BRF:0
BRH:0
end_of_record
TN:
SF:src/auth/strategies/local-strategy.ts
FN:8,(anonymous_2)
FN:12,(anonymous_3)
FNF:2
FNH:0
FNDA:0,(anonymous_2)
FNDA:0,(anonymous_3)
DA:1,0
DA:2,0
DA:3,0
DA:4,0
DA:7,0
DA:8,0
DA:9,0
DA:13,0
DA:14,0
DA:15,0
DA:17,0
LF:11
LH:0
BRDA:14,0,0,0
BRF:1
BRH:0
end_of_record
TN:
SF:src/cultura/cultura.controller.ts
FN:27,(anonymous_4)
FN:31,(anonymous_5)
FN:37,(anonymous_6)
FN:43,(anonymous_7)
FN:50,(anonymous_8)
FN:61,(anonymous_9)
FNF:6
FNH:0
FNDA:0,(anonymous_4)
FNDA:0,(anonymous_5)
FNDA:0,(anonymous_6)
FNDA:0,(anonymous_7)
FNDA:0,(anonymous_8)
FNDA:0,(anonymous_9)
DA:1,0
DA:13,0
DA:14,0
DA:15,0
DA:16,0
DA:17,0
DA:18,0
DA:19,0
DA:20,0
DA:21,0
DA:26,0
DA:27,0
DA:31,0
DA:32,0
DA:37,0
DA:38,0
DA:43,0
DA:44,0
DA:45,0
DA:50,0
DA:54,0
DA:55,0
DA:61,0
DA:62,0
LF:24
LH:0
BRF:0
BRH:0
end_of_record
TN:
SF:src/cultura/cultura.dto.ts
FNF:0
FNH:0
DA:1,0
DA:2,0
DA:5,0
DA:9,0
DA:14,0
LF:5
LH:0
BRF:0
BRH:0
end_of_record
TN:
SF:src/cultura/cultura.entity.ts
FN:30,(anonymous_2)
FN:31,(anonymous_3)
FN:31,(anonymous_4)
FN:34,(anonymous_5)
FN:35,(anonymous_6)
FN:35,(anonymous_7)
FN:38,(anonymous_8)
FN:39,(anonymous_9)
FN:39,(anonymous_10)
FN:43,(anonymous_11)
FN:43,(anonymous_12)
FNF:11
FNH:8
FNDA:0,(anonymous_2)
FNDA:102,(anonymous_3)
FNDA:102,(anonymous_4)
FNDA:0,(anonymous_5)
FNDA:102,(anonymous_6)
FNDA:102,(anonymous_7)
FNDA:0,(anonymous_8)
FNDA:102,(anonymous_9)
FNDA:102,(anonymous_10)
FNDA:102,(anonymous_11)
FNDA:102,(anonymous_12)
DA:1,9
DA:2,9
DA:3,9
DA:4,9
DA:12,9
DA:13,9
DA:17,9
DA:20,9
DA:24,9
DA:28,9
DA:30,0
DA:31,102
DA:32,9
DA:34,0
DA:35,102
DA:36,9
DA:38,0
DA:39,102
DA:41,9
DA:43,102
DA:44,9
LF:21
LH:18
BRF:0
BRH:0
end_of_record
TN:
SF:src/cultura/cultura.module.ts
FNF:0
FNH:0
DA:1,0
DA:2,0
DA:3,0
DA:4,0
DA:5,0
DA:6,0
DA:7,0
DA:23,0
LF:8
LH:0
BRF:0
BRH:0
end_of_record
TN:
SF:src/cultura/cultura.resolver.ts
FN:9,(anonymous_4)
FN:12,(anonymous_5)
FN:17,(anonymous_6)
FN:22,(anonymous_7)
FN:30,(anonymous_8)
FN:39,(anonymous_9)
FN:11,(anonymous_10)
FN:16,(anonymous_11)
FN:21,(anonymous_12)
FN:29,(anonymous_13)
FN:38,(anonymous_14)
FNF:11
FNH:0
FNDA:0,(anonymous_4)
FNDA:0,(anonymous_5)
FNDA:0,(anonymous_6)
FNDA:0,(anonymous_7)
FNDA:0,(anonymous_8)
FNDA:0,(anonymous_9)
FNDA:0,(anonymous_10)
FNDA:0,(anonymous_11)
FNDA:0,(anonymous_12)
FNDA:0,(anonymous_13)
FNDA:0,(anonymous_14)
DA:1,0
DA:2,0
DA:3,0
DA:4,0
DA:5,0
DA:8,0
DA:9,0
DA:11,0
DA:12,0
DA:13,0
DA:16,0
DA:17,0
DA:18,0
DA:21,0
DA:22,0
DA:25,0
DA:26,0
DA:29,0
DA:30,0
DA:34,0
DA:35,0
DA:38,0
DA:39,0
DA:40,0
DA:41,0
LF:25
LH:0
BRF:0
BRH:0
end_of_record
TN:
SF:src/cultura/cultura.service.ts
FN:15,(anonymous_4)
FN:23,(anonymous_5)
FN:27,(anonymous_6)
FN:42,(anonymous_7)
FN:56,(anonymous_8)
FN:74,(anonymous_9)
FNF:6
FNH:6
FNDA:9,(anonymous_4)
FNDA:1,(anonymous_5)
FNDA:1,(anonymous_6)
FNDA:2,(anonymous_7)
FNDA:2,(anonymous_8)
FNDA:3,(anonymous_9)
DA:1,1
DA:2,1
DA:3,1
DA:7,1
DA:8,1
DA:12,1
DA:13,9
DA:17,9
DA:20,9
DA:24,1
DA:28,1
DA:31,1
DA:32,1
DA:35,1
DA:36,1
DA:39,0
DA:43,2
DA:47,2
DA:48,1
DA:53,1
DA:58,2
DA:62,2
DA:63,1
DA:68,1
DA:75,3
DA:78,3
DA:79,1
DA:84,2
LF:28
LH:27
BRDA:31,0,0,1
BRDA:47,1,0,1
BRDA:62,2,0,1
BRDA:78,3,0,1
BRF:4
BRH:4
end_of_record
TN:
SF:src/cultura-pais/cultura-pais.controller.ts
FN:27,(anonymous_4)
FN:31,(anonymous_5)
FN:40,(anonymous_6)
FN:52,(anonymous_7)
FN:58,(anonymous_8)
FN:72,(anonymous_9)
FNF:6
FNH:0
FNDA:0,(anonymous_4)
FNDA:0,(anonymous_5)
FNDA:0,(anonymous_6)
FNDA:0,(anonymous_7)
FNDA:0,(anonymous_8)
FNDA:0,(anonymous_9)
DA:1,0
DA:13,0
DA:14,0
DA:15,0
DA:17,0
DA:18,0
DA:19,0
DA:20,0
DA:21,0
DA:26,0
DA:27,0
DA:31,0
DA:35,0
DA:40,0
DA:44,0
DA:52,0
DA:53,0
DA:58,0
DA:62,0
DA:63,0
DA:72,0
DA:76,0
LF:22
LH:0
BRF:0
BRH:0
end_of_record
TN:
SF:src/cultura-pais/cultura-pais.module.ts
FNF:0
FNH:0
DA:1,0
DA:2,0
DA:3,0
DA:4,0
DA:5,0
DA:6,0
DA:13,0
LF:7
LH:0
BRF:0
BRH:0
end_of_record
TN:
SF:src/cultura-pais/cultura-pais.service.ts
FN:13,(anonymous_4)
FN:21,(anonymous_5)
FN:33,(anonymous_6)
FN:46,(anonymous_7)
FN:57,(anonymous_8)
FN:74,(anonymous_9)
FN:86,(anonymous_10)
FN:92,(anonymous_11)
FN:113,(anonymous_12)
FN:119,(anonymous_13)
FN:128,(anonymous_14)
FNF:11
FNH:11
FNDA:17,(anonymous_4)
FNDA:9,(anonymous_5)
FNDA:13,(anonymous_6)
FNDA:3,(anonymous_7)
FNDA:4,(anonymous_8)
FNDA:6,(anonymous_9)
FNDA:2,(anonymous_10)
FNDA:3,(anonymous_11)
FNDA:4,(anonymous_12)
FNDA:6,(anonymous_13)
FNDA:5,(anonymous_14)
DA:1,1
DA:2,1
DA:3,1
DA:4,1
DA:5,1
DA:9,1
DA:12,1
DA:15,17
DA:18,17
DA:22,9
DA:25,9
DA:26,3
DA:30,6
DA:34,13
DA:38,13
DA:39,5
DA:43,8
DA:50,3
DA:51,2
DA:53,1
DA:54,1
DA:62,4
DA:65,4
DA:66,1
DA:71,3
DA:73,2
DA:74,6
DA:77,2
DA:78,1
DA:83,1
DA:87,2
DA:89,1
DA:96,3
DA:99,2
DA:100,2
DA:101,2
DA:103,1
DA:104,0
DA:109,1
DA:110,1
DA:114,4
DA:116,3
DA:118,2
DA:119,6
DA:122,2
DA:123,1
DA:128,5
DA:130,1
LF:48
LH:47
BRDA:25,0,0,3
BRDA:38,1,0,5
BRDA:65,2,0,1
BRDA:77,3,0,1
BRDA:103,4,0,0
BRDA:122,5,0,1
BRF:6
BRH:5
end_of_record
TN:
SF:src/cultura-producto/cultura-producto.controller.ts
FN:27,(anonymous_4)
FN:33,(anonymous_5)
FN:45,(anonymous_6)
FN:57,(anonymous_7)
FN:63,(anonymous_8)
FN:77,(anonymous_9)
FNF:6
FNH:0
FNDA:0,(anonymous_4)
FNDA:0,(anonymous_5)
FNDA:0,(anonymous_6)
FNDA:0,(anonymous_7)
FNDA:0,(anonymous_8)
FNDA:0,(anonymous_9)
DA:1,0
DA:13,0
DA:14,0
DA:15,0
DA:16,0
DA:18,0
DA:19,0
DA:20,0
DA:21,0
DA:26,0
DA:28,0
DA:33,0
DA:37,0
DA:45,0
DA:49,0
DA:57,0
DA:58,0
DA:63,0
DA:67,0
DA:68,0
DA:77,0
DA:81,0
LF:22
LH:0
BRF:0
BRH:0
end_of_record
TN:
SF:src/cultura-producto/cultura-producto.module.ts
FNF:0
FNH:0
DA:1,0
DA:2,0
DA:3,0
DA:4,0
DA:5,0
DA:6,0
DA:7,0
DA:8,0
DA:24,0
LF:9
LH:0
BRF:0
BRH:0
end_of_record
TN:
SF:src/cultura-producto/cultura-producto.resolver.ts
FN:9,(anonymous_4)
FN:14,(anonymous_5)
FN:25,(anonymous_6)
FN:36,(anonymous_7)
FN:41,(anonymous_8)
FN:48,(anonymous_9)
FN:57,(anonymous_10)
FN:13,(anonymous_11)
FN:24,(anonymous_12)
FN:35,(anonymous_13)
FN:40,(anonymous_14)
FN:43,(anonymous_15)
FN:56,(anonymous_16)
FNF:13
FNH:0
FNDA:0,(anonymous_4)
FNDA:0,(anonymous_5)
FNDA:0,(anonymous_6)
FNDA:0,(anonymous_7)
FNDA:0,(anonymous_8)
FNDA:0,(anonymous_9)
FNDA:0,(anonymous_10)
FNDA:0,(anonymous_11)
FNDA:0,(anonymous_12)
FNDA:0,(anonymous_13)
FNDA:0,(anonymous_14)
FNDA:0,(anonymous_15)
FNDA:0,(anonymous_16)
DA:1,0
DA:2,0
DA:3,0
DA:4,0
DA:5,0
DA:8,0
DA:10,0
DA:13,0
DA:14,0
DA:18,0
DA:24,0
DA:25,0
DA:29,0
DA:35,0
DA:36,0
DA:37,0
DA:40,0
DA:41,0
DA:43,0
DA:46,0
DA:48,0
DA:50,0
DA:56,0
DA:57,0
DA:61,0
DA:65,0
LF:26
LH:0
BRF:0
BRH:0
end_of_record
TN:
SF:src/cultura-producto/cultura-producto.service.ts
FN:14,(anonymous_4)
FN:24,(anonymous_5)
FN:36,(anonymous_6)
FN:51,(anonymous_7)
FN:64,(anonymous_8)
FN:71,(anonymous_9)
FN:83,(anonymous_10)
FN:90,(anonymous_11)
FN:105,(anonymous_12)
FN:115,(anonymous_13)
FN:120,(anonymous_14)
FN:128,(anonymous_15)
FNF:12
FNH:8
FNDA:8,(anonymous_4)
FNDA:6,(anonymous_5)
FNDA:1,(anonymous_6)
FNDA:5,(anonymous_7)
FNDA:3,(anonymous_8)
FNDA:1,(anonymous_9)
FNDA:3,(anonymous_10)
FNDA:5,(anonymous_11)
FNDA:0,(anonymous_12)
FNDA:0,(anonymous_13)
FNDA:0,(anonymous_14)
FNDA:0,(anonymous_15)
DA:1,1
DA:2,1
DA:3,1
DA:4,1
DA:5,1
DA:6,1
DA:13,1
DA:16,8
DA:19,8
DA:21,8
DA:25,6
DA:28,6
DA:29,2
DA:33,4
DA:37,1
DA:38,1
DA:42,1
DA:43,1
DA:44,1
DA:45,1
DA:48,0
DA:52,5
DA:56,5
DA:57,2
DA:61,3
DA:68,3
DA:69,2
DA:70,1
DA:71,1
DA:74,1
DA:75,0
DA:80,1
DA:87,3
DA:88,2
DA:90,1
DA:91,5
DA:94,1
DA:95,0
DA:101,1
DA:102,1
DA:106,0
DA:108,0
DA:109,0
DA:111,0
DA:112,0
DA:116,0
DA:117,0
DA:119,0
DA:120,0
DA:122,0
DA:123,0
DA:128,0
DA:129,0
LF:53
LH:37
BRDA:28,0,0,2
BRDA:42,1,0,1
BRDA:56,2,0,2
BRDA:74,3,0,0
BRDA:94,4,0,0
BRDA:122,5,0,0
BRF:6
BRH:3
end_of_record
TN:
SF:src/cultura-receta/cultura-receta.controller.ts
FN:27,(anonymous_4)
FN:31,(anonymous_5)
FN:43,(anonymous_6)
FN:55,(anonymous_7)
FN:61,(anonymous_8)
FN:75,(anonymous_9)
FNF:6
FNH:0
FNDA:0,(anonymous_4)
FNDA:0,(anonymous_5)
FNDA:0,(anonymous_6)
FNDA:0,(anonymous_7)
FNDA:0,(anonymous_8)
FNDA:0,(anonymous_9)
DA:1,0
DA:13,0
DA:14,0
DA:15,0
DA:16,0
DA:17,0
DA:18,0
DA:20,0
DA:21,0
DA:26,0
DA:27,0
DA:31,0
DA:35,0
DA:43,0
DA:47,0
DA:55,0
DA:56,0
DA:61,0
DA:65,0
DA:66,0
DA:75,0
DA:79,0
LF:22
LH:0
BRF:0
BRH:0
end_of_record
TN:
SF:src/cultura-receta/cultura-receta.module.ts
FNF:0
FNH:0
DA:1,0
DA:2,0
DA:3,0
DA:4,0
DA:5,0
DA:6,0
DA:7,0
DA:8,0
DA:24,0
LF:9
LH:0
BRF:0
BRH:0
end_of_record
TN:
SF:src/cultura-receta/cultura-receta.resolver.ts
FN:9,(anonymous_4)
FN:12,(anonymous_5)
FN:20,(anonymous_6)
FN:25,(anonymous_7)
FN:36,(anonymous_8)
FN:43,(anonymous_9)
FN:52,(anonymous_10)
FN:11,(anonymous_11)
FN:19,(anonymous_12)
FN:24,(anonymous_13)
FN:35,(anonymous_14)
FN:38,(anonymous_15)
FN:51,(anonymous_16)
FNF:13
FNH:0
FNDA:0,(anonymous_4)
FNDA:0,(anonymous_5)
FNDA:0,(anonymous_6)
FNDA:0,(anonymous_7)
FNDA:0,(anonymous_8)
FNDA:0,(anonymous_9)
FNDA:0,(anonymous_10)
FNDA:0,(anonymous_11)
FNDA:0,(anonymous_12)
FNDA:0,(anonymous_13)
FNDA:0,(anonymous_14)
FNDA:0,(anonymous_15)
FNDA:0,(anonymous_16)
DA:1,0
DA:2,0
DA:3,0
DA:4,0
DA:5,0
DA:8,0
DA:9,0
DA:11,0
DA:12,0
DA:16,0
DA:19,0
DA:20,0
DA:21,0
DA:24,0
DA:25,0
DA:29,0
DA:35,0
DA:36,0
DA:38,0
DA:41,0
DA:43,0
DA:45,0
DA:51,0
DA:52,0
DA:56,0
DA:57,0
LF:26
LH:0
BRF:0
BRH:0
end_of_record
TN:
SF:src/cultura-receta/cultura-receta.service.ts
FN:14,(anonymous_4)
FN:24,(anonymous_5)
FN:36,(anonymous_6)
FN:49,(anonymous_7)
FN:60,(anonymous_8)
FN:68,(anonymous_9)
FN:80,(anonymous_10)
FN:91,(anonymous_11)
FN:105,(anonymous_12)
FN:111,(anonymous_13)
FN:120,(anonymous_14)
FNF:11
FNH:11
FNDA:17,(anonymous_4)
FNDA:13,(anonymous_5)
FNDA:13,(anonymous_6)
FNDA:2,(anonymous_7)
FNDA:4,(anonymous_8)
FNDA:6,(anonymous_9)
FNDA:3,(anonymous_10)
FNDA:3,(anonymous_11)
FNDA:4,(anonymous_12)
FNDA:6,(anonymous_13)
FNDA:5,(anonymous_14)
DA:1,1
DA:2,1
DA:3,1
DA:4,1
DA:5,1
DA:9,1
DA:13,1
DA:16,17
DA:19,17
DA:21,17
DA:25,13
DA:28,13
DA:29,4
DA:33,9
DA:37,13
DA:41,13
DA:42,5
DA:46,8
DA:50,2
DA:51,2
DA:52,2
DA:53,2
DA:54,1
DA:55,1
DA:57,0
DA:64,4
DA:65,3
DA:67,2
DA:68,6
DA:71,2
DA:72,1
DA:77,1
DA:84,3
DA:85,2
DA:87,1
DA:88,1
DA:95,3
DA:97,2
DA:98,2
DA:101,1
DA:102,1
DA:106,4
DA:108,3
DA:110,2
DA:111,6
DA:114,2
DA:115,1
DA:120,5
DA:121,1
LF:49
LH:48
BRDA:28,0,0,4
BRDA:41,1,0,5
BRDA:52,2,0,2
BRDA:71,3,0,1
BRDA:114,4,0,1
BRF:5
BRH:5
end_of_record
TN:
SF:src/cultura-restaurante/cultura-restaurante.controller.ts
FN:27,(anonymous_4)
FN:33,(anonymous_5)
FN:45,(anonymous_6)
FN:57,(anonymous_7)
FN:65,(anonymous_8)
FN:79,(anonymous_9)
FNF:6
FNH:0
FNDA:0,(anonymous_4)
FNDA:0,(anonymous_5)
FNDA:0,(anonymous_6)
FNDA:0,(anonymous_7)
FNDA:0,(anonymous_8)
FNDA:0,(anonymous_9)
DA:1,0
DA:2,0
DA:3,0
DA:16,0
DA:17,0
DA:18,0
DA:19,0
DA:20,0
DA:21,0
DA:26,0
DA:28,0
DA:33,0
DA:37,0
DA:45,0
DA:49,0
DA:57,0
DA:58,0
DA:65,0
DA:69,0
DA:70,0
DA:79,0
DA:83,0
LF:22
LH:0
BRF:0
BRH:0
end_of_record
TN:
SF:src/cultura-restaurante/cultura-restaurante.module.ts
FNF:0
FNH:0
DA:1,0
DA:2,0
DA:3,0
DA:4,0
DA:5,0
DA:6,0
DA:7,0
DA:8,0
DA:24,0
LF:9
LH:0
BRF:0
BRH:0
end_of_record
TN:
SF:src/cultura-restaurante/cultura-restaurante.resolver.ts
FN:9,(anonymous_4)
FN:14,(anonymous_5)
FN:25,(anonymous_6)
FN:36,(anonymous_7)
FN:43,(anonymous_8)
FN:52,(anonymous_9)
FN:13,(anonymous_10)
FN:24,(anonymous_11)
FN:35,(anonymous_12)
FN:38,(anonymous_13)
FN:51,(anonymous_14)
FNF:11
FNH:0
FNDA:0,(anonymous_4)
FNDA:0,(anonymous_5)
FNDA:0,(anonymous_6)
FNDA:0,(anonymous_7)
FNDA:0,(anonymous_8)
FNDA:0,(anonymous_9)
FNDA:0,(anonymous_10)
FNDA:0,(anonymous_11)
FNDA:0,(anonymous_12)
FNDA:0,(anonymous_13)
FNDA:0,(anonymous_14)
DA:1,0
DA:2,0
DA:3,0
DA:4,0
DA:5,0
DA:8,0
DA:10,0
DA:13,0
DA:14,0
DA:18,0
DA:24,0
DA:25,0
DA:29,0
DA:35,0
DA:36,0
DA:38,0
DA:41,0
DA:43,0
DA:45,0
DA:51,0
DA:52,0
DA:56,0
DA:60,0
LF:23
LH:0
BRF:0
BRH:0
end_of_record
TN:
SF:src/cultura-restaurante/cultura-restaurante.service.ts
FN:14,(anonymous_4)
FN:23,(anonymous_5)
FN:36,(anonymous_6)
FN:49,(anonymous_7)
FN:64,(anonymous_8)
FN:72,(anonymous_9)
FN:84,(anonymous_10)
FN:95,(anonymous_11)
FN:109,(anonymous_12)
FN:115,(anonymous_13)
FN:125,(anonymous_14)
FNF:11
FNH:11
FNDA:17,(anonymous_4)
FNDA:13,(anonymous_5)
FNDA:13,(anonymous_6)
FNDA:2,(anonymous_7)
FNDA:4,(anonymous_8)
FNDA:7,(anonymous_9)
FNDA:3,(anonymous_10)
FNDA:3,(anonymous_11)
FNDA:4,(anonymous_12)
FNDA:10,(anonymous_13)
FNDA:5,(anonymous_14)
DA:1,1
DA:2,1
DA:3,1
DA:4,1
DA:5,1
DA:9,1
DA:13,1
DA:16,17
DA:19,17
DA:20,17
DA:25,13
DA:28,13
DA:29,4
DA:33,9
DA:37,13
DA:41,13
DA:42,5
DA:46,8
DA:52,2
DA:53,2
DA:56,2
DA:57,2
DA:58,1
DA:59,1
DA:61,0
DA:68,4
DA:69,3
DA:71,2
DA:72,7
DA:75,2
DA:76,1
DA:81,1
DA:88,3
DA:89,2
DA:91,1
DA:92,1
DA:99,3
DA:101,2
DA:102,2
DA:105,1
DA:106,1
DA:110,4
DA:112,3
DA:114,2
DA:115,10
DA:118,2
DA:119,1
DA:124,1
DA:125,5
DA:127,1
LF:50
LH:49
BRDA:28,0,0,4
BRDA:41,1,0,5
BRDA:56,2,0,2
BRDA:75,3,0,1
BRDA:118,4,0,1
BRF:5
BRH:5
end_of_record
TN:
SF:src/estrella-michellin/estrella-michellin.entity.ts
FN:15,(anonymous_2)
FN:15,(anonymous_3)
FNF:2
FNH:2
FNDA:102,(anonymous_2)
FNDA:102,(anonymous_3)
DA:1,9
DA:2,9
DA:5,9
DA:7,9
DA:10,9
DA:13,9
DA:15,102
DA:16,9
LF:8
LH:8
BRF:0
BRH:0
end_of_record
TN:
SF:src/estrella-michellin/estrella-michellin.module.ts
FNF:0
FNH:0
DA:1,0
DA:4,0
LF:2
LH:0
BRF:0
BRH:0
end_of_record
TN:
SF:src/pais/pais.dto.ts
FNF:0
FNH:0
DA:1,0
DA:2,0
DA:5,0
DA:9,0
DA:13,0
LF:5
LH:0
BRF:0
BRH:0
end_of_record
TN:
SF:src/pais/pais.entity.ts
FN:18,(anonymous_2)
FN:18,(anonymous_3)
FNF:2
FNH:2
FNDA:102,(anonymous_2)
FNDA:102,(anonymous_3)
DA:1,9
DA:2,9
DA:5,9
DA:7,9
DA:10,9
DA:13,9
DA:16,9
DA:18,102
DA:19,9
LF:9
LH:9
BRF:0
BRH:0
end_of_record
TN:
SF:src/pais/pais.module.ts
FNF:0
FNH:0
DA:1,0
DA:2,0
DA:3,0
DA:4,0
DA:5,0
DA:6,0
DA:22,0
LF:7
LH:0
BRF:0
BRH:0
end_of_record
TN:
SF:src/pais/pais.service.ts
FN:15,(anonymous_4)
FN:23,(anonymous_5)
FN:27,(anonymous_6)
FN:42,(anonymous_7)
FN:55,(anonymous_8)
FN:68,(anonymous_9)
FNF:6
FNH:6
FNDA:9,(anonymous_4)
FNDA:1,(anonymous_5)
FNDA:1,(anonymous_6)
FNDA:2,(anonymous_7)
FNDA:2,(anonymous_8)
FNDA:3,(anonymous_9)
DA:1,1
DA:3,1
DA:4,1
DA:8,1
DA:9,1
DA:12,1
DA:13,9
DA:17,9
DA:20,9
DA:24,1
DA:28,1
DA:32,1
DA:33,1
DA:36,1
DA:37,1
DA:39,0
DA:43,2
DA:46,2
DA:47,1
DA:52,1
DA:56,2
DA:59,2
DA:60,1
DA:65,1
DA:69,3
DA:72,3
DA:73,1
DA:78,2
LF:28
LH:27
BRDA:32,0,0,1
BRDA:46,1,0,1
BRDA:59,2,0,1
BRDA:72,3,0,1
BRF:4
BRH:4
end_of_record
TN:
SF:src/pais/paises.controller.ts
FN:27,(anonymous_4)
FN:31,(anonymous_5)
FN:37,(anonymous_6)
FN:43,(anonymous_7)
FN:50,(anonymous_8)
FN:58,(anonymous_9)
FNF:6
FNH:0
FNDA:0,(anonymous_4)
FNDA:0,(anonymous_5)
FNDA:0,(anonymous_6)
FNDA:0,(anonymous_7)
FNDA:0,(anonymous_8)
FNDA:0,(anonymous_9)
DA:1,0
DA:13,0
DA:14,0
DA:15,0
DA:16,0
DA:17,0
DA:18,0
DA:19,0
DA:20,0
DA:21,0
DA:26,0
DA:27,0
DA:31,0
DA:32,0
DA:37,0
DA:38,0
DA:43,0
DA:44,0
DA:45,0
DA:50,0
DA:51,0
DA:52,0
DA:58,0
DA:59,0
LF:24
LH:0
BRF:0
BRH:0
end_of_record
TN:
SF:src/producto/producto.controller.ts
FN:27,(anonymous_4)
FN:31,(anonymous_5)
FN:37,(anonymous_6)
FN:43,(anonymous_7)
FN:53,(anonymous_8)
FN:67,(anonymous_9)
FNF:6
FNH:0
FNDA:0,(anonymous_4)
FNDA:0,(anonymous_5)
FNDA:0,(anonymous_6)
FNDA:0,(anonymous_7)
FNDA:0,(anonymous_8)
FNDA:0,(anonymous_9)
DA:1,0
DA:13,0
DA:14,0
DA:15,0
DA:16,0
DA:17,0
DA:18,0
DA:19,0
DA:20,0
DA:21,0
DA:26,0
DA:27,0
DA:31,0
DA:32,0
DA:37,0
DA:38,0
DA:43,0
DA:44,0
DA:48,0
DA:53,0
DA:57,0
DA:61,0
DA:67,0
DA:68,0
LF:24
LH:0
BRF:0
BRH:0
end_of_record
TN:
SF:src/producto/producto.dto.ts
FNF:0
FNH:0
DA:1,0
DA:2,0
DA:5,0
DA:9,0
DA:14,0
DA:19,0
DA:24,0
LF:7
LH:0
BRF:0
BRH:0
end_of_record
TN:
SF:src/producto/producto.entity.ts
FN:28,(anonymous_2)
FN:29,(anonymous_3)
FN:29,(anonymous_4)
FNF:3
FNH:2
FNDA:0,(anonymous_2)
FNDA:102,(anonymous_3)
FNDA:102,(anonymous_4)
DA:1,9
DA:2,9
DA:3,9
DA:7,9
DA:10,9
DA:14,9
DA:18,9
DA:22,9
DA:26,9
DA:28,0
DA:29,102
DA:30,9
LF:12
LH:11
BRF:0
BRH:0
end_of_record
TN:
SF:src/producto/producto.module.ts
FNF:0
FNH:0
DA:1,0
DA:2,0
DA:3,0
DA:4,0
DA:5,0
DA:6,0
DA:7,0
DA:23,0
LF:8
LH:0
BRF:0
BRH:0
end_of_record
TN:
SF:src/producto/producto.resolver.ts
FN:9,(anonymous_4)
FN:12,(anonymous_5)
FN:17,(anonymous_6)
FN:22,(anonymous_7)
FN:30,(anonymous_8)
FN:39,(anonymous_9)
FN:11,(anonymous_10)
FN:16,(anonymous_11)
FN:21,(anonymous_12)
FN:29,(anonymous_13)
FN:38,(anonymous_14)
FNF:11
FNH:0
FNDA:0,(anonymous_4)
FNDA:0,(anonymous_5)
FNDA:0,(anonymous_6)
FNDA:0,(anonymous_7)
FNDA:0,(anonymous_8)
FNDA:0,(anonymous_9)
FNDA:0,(anonymous_10)
FNDA:0,(anonymous_11)
FNDA:0,(anonymous_12)
FNDA:0,(anonymous_13)
FNDA:0,(anonymous_14)
DA:1,0
DA:2,0
DA:3,0
DA:4,0
DA:5,0
DA:8,0
DA:9,0
DA:11,0
DA:12,0
DA:13,0
DA:16,0
DA:17,0
DA:18,0
DA:21,0
DA:22,0
DA:25,0
DA:26,0
DA:29,0
DA:30,0
DA:34,0
DA:35,0
DA:38,0
DA:39,0
DA:40,0
DA:41,0
LF:25
LH:0
BRF:0
BRH:0
end_of_record
TN:
SF:src/producto/producto.service.ts
FN:15,(anonymous_4)
FN:22,(anonymous_5)
FN:26,(anonymous_6)
FN:40,(anonymous_7)
FN:53,(anonymous_8)
FN:70,(anonymous_9)
FNF:6
FNH:6
FNDA:7,(anonymous_4)
FNDA:1,(anonymous_5)
FNDA:1,(anonymous_6)
FNDA:3,(anonymous_7)
FNDA:1,(anonymous_8)
FNDA:3,(anonymous_9)
DA:1,1
DA:2,1
DA:3,1
DA:4,1
DA:5,1
DA:12,1
DA:13,7
DA:17,7
DA:19,7
DA:23,1
DA:27,1
DA:30,1
DA:31,1
DA:34,1
DA:35,1
DA:37,0
DA:41,3
DA:44,3
DA:45,0
DA:50,3
DA:55,1
DA:58,1
DA:59,0
DA:64,1
DA:71,3
DA:74,3
DA:75,1
DA:80,2
LF:28
LH:25
BRDA:30,0,0,1
BRDA:44,1,0,0
BRDA:58,2,0,0
BRDA:74,3,0,1
BRF:4
BRH:2
end_of_record
TN:
SF:src/receta/receta.controller.ts
FN:27,(anonymous_4)
FN:31,(anonymous_5)
FN:37,(anonymous_6)
FN:43,(anonymous_7)
FN:50,(anonymous_8)
FN:61,(anonymous_9)
FNF:6
FNH:0
FNDA:0,(anonymous_4)
FNDA:0,(anonymous_5)
FNDA:0,(anonymous_6)
FNDA:0,(anonymous_7)
FNDA:0,(anonymous_8)
FNDA:0,(anonymous_9)
DA:1,0
DA:13,0
DA:14,0
DA:15,0
DA:16,0
DA:17,0
DA:18,0
DA:19,0
DA:20,0
DA:21,0
DA:26,0
DA:27,0
DA:31,0
DA:32,0
DA:37,0
DA:38,0
DA:43,0
DA:44,0
DA:45,0
DA:50,0
DA:54,0
DA:55,0
DA:61,0
DA:62,0
LF:24
LH:0
BRF:0
BRH:0
end_of_record
TN:
SF:src/receta/receta.dto.ts
FNF:0
FNH:0
DA:1,0
DA:2,0
DA:5,0
DA:9,0
DA:14,0
DA:19,0
DA:24,0
DA:29,0
LF:8
LH:0
BRF:0
BRH:0
end_of_record
TN:
SF:src/receta/receta.entity.ts
FN:32,(anonymous_2)
FN:33,(anonymous_3)
FN:33,(anonymous_4)
FNF:3
FNH:2
FNDA:0,(anonymous_2)
FNDA:102,(anonymous_3)
FNDA:102,(anonymous_4)
DA:1,9
DA:2,9
DA:3,9
DA:7,9
DA:10,9
DA:14,9
DA:18,9
DA:22,9
DA:26,9
DA:30,9
DA:32,0
DA:33,102
DA:34,9
LF:13
LH:12
BRF:0
BRH:0
end_of_record
TN:
SF:src/receta/receta.module.ts
FNF:0
FNH:0
DA:1,0
DA:2,0
DA:3,0
DA:4,0
DA:5,0
DA:6,0
DA:7,0
DA:23,0
LF:8
LH:0
BRF:0
BRH:0
end_of_record
TN:
SF:src/receta/receta.resolver.ts
FN:9,(anonymous_4)
FN:12,(anonymous_5)
FN:17,(anonymous_6)
FN:22,(anonymous_7)
FN:28,(anonymous_8)
FN:37,(anonymous_9)
FN:11,(anonymous_10)
FN:16,(anonymous_11)
FN:21,(anonymous_12)
FN:27,(anonymous_13)
FN:36,(anonymous_14)
FNF:11
FNH:0
FNDA:0,(anonymous_4)
FNDA:0,(anonymous_5)
FNDA:0,(anonymous_6)
FNDA:0,(anonymous_7)
FNDA:0,(anonymous_8)
FNDA:0,(anonymous_9)
FNDA:0,(anonymous_10)
FNDA:0,(anonymous_11)
FNDA:0,(anonymous_12)
FNDA:0,(anonymous_13)
FNDA:0,(anonymous_14)
DA:1,0
DA:2,0
DA:3,0
DA:4,0
DA:5,0
DA:8,0
DA:9,0
DA:11,0
DA:12,0
DA:13,0
DA:16,0
DA:17,0
DA:18,0
DA:21,0
DA:22,0
DA:23,0
DA:24,0
DA:27,0
DA:28,0
DA:32,0
DA:33,0
DA:36,0
DA:37,0
DA:38,0
DA:39,0
LF:25
LH:0
BRF:0
BRH:0
end_of_record
TN:
SF:src/receta/receta.service.ts
FN:15,(anonymous_4)
FN:21,(anonymous_5)
FN:25,(anonymous_6)
FN:38,(anonymous_7)
FN:52,(anonymous_8)
FN:65,(anonymous_9)
FNF:6
FNH:6
FNDA:9,(anonymous_4)
FNDA:1,(anonymous_5)
FNDA:1,(anonymous_6)
FNDA:2,(anonymous_7)
FNDA:2,(anonymous_8)
FNDA:3,(anonymous_9)
DA:1,1
DA:2,1
DA:3,1
DA:7,1
DA:8,1
DA:12,1
DA:13,9
DA:17,9
DA:18,9
DA:22,1
DA:26,1
DA:27,1
DA:28,1
DA:31,1
DA:32,1
DA:35,0
DA:39,2
DA:43,2
DA:44,1
DA:49,1
DA:53,2
DA:56,2
DA:57,1
DA:62,1
DA:66,3
DA:69,3
DA:70,1
DA:75,2
LF:28
LH:27
BRDA:27,0,0,1
BRDA:43,1,0,1
BRDA:56,2,0,1
BRDA:69,3,0,1
BRF:4
BRH:4
end_of_record
TN:
SF:src/restaurante/restaurante.controller.ts
FN:27,(anonymous_4)
FN:31,(anonymous_5)
FN:37,(anonymous_6)
FN:43,(anonymous_7)
FN:53,(anonymous_8)
FN:67,(anonymous_9)
FNF:6
FNH:0
FNDA:0,(anonymous_4)
FNDA:0,(anonymous_5)
FNDA:0,(anonymous_6)
FNDA:0,(anonymous_7)
FNDA:0,(anonymous_8)
FNDA:0,(anonymous_9)
DA:1,0
DA:13,0
DA:14,0
DA:15,0
DA:16,0
DA:17,0
DA:18,0
DA:19,0
DA:20,0
DA:21,0
DA:26,0
DA:27,0
DA:31,0
DA:32,0
DA:37,0
DA:38,0
DA:43,0
DA:44,0
DA:48,0
DA:53,0
DA:57,0
DA:61,0
DA:67,0
DA:68,0
LF:24
LH:0
BRF:0
BRH:0
end_of_record
TN:
SF:src/restaurante/restaurante.dto.ts
FNF:0
FNH:0
DA:1,0
DA:2,0
DA:5,0
DA:9,0
LF:4
LH:0
BRF:0
BRH:0
end_of_record
TN:
SF:src/restaurante/restaurante.entity.ts
FN:23,(anonymous_2)
FN:24,(anonymous_3)
FN:24,(anonymous_4)
FN:27,(anonymous_5)
FN:27,(anonymous_6)
FNF:5
FNH:4
FNDA:0,(anonymous_2)
FNDA:102,(anonymous_3)
FNDA:102,(anonymous_4)
FNDA:102,(anonymous_5)
FNDA:102,(anonymous_6)
DA:1,9
DA:2,9
DA:9,9
DA:10,9
DA:14,9
DA:17,9
DA:21,9
DA:23,0
DA:24,102
DA:25,9
DA:27,102
DA:28,9
LF:12
LH:11
BRF:0
BRH:0
end_of_record
TN:
SF:src/restaurante/restaurante.module.ts
FNF:0
FNH:0
DA:1,0
DA:2,0
DA:3,0
DA:4,0
DA:5,0
DA:6,0
DA:7,0
DA:23,0
LF:8
LH:0
BRF:0
BRH:0
end_of_record
TN:
SF:src/restaurante/restaurante.resolver.ts
FN:9,(anonymous_4)
FN:12,(anonymous_5)
FN:17,(anonymous_6)
FN:22,(anonymous_7)
FN:30,(anonymous_8)
FN:39,(anonymous_9)
FN:11,(anonymous_10)
FN:16,(anonymous_11)
FN:21,(anonymous_12)
FN:29,(anonymous_13)
FN:38,(anonymous_14)
FNF:11
FNH:0
FNDA:0,(anonymous_4)
FNDA:0,(anonymous_5)
FNDA:0,(anonymous_6)
FNDA:0,(anonymous_7)
FNDA:0,(anonymous_8)
FNDA:0,(anonymous_9)
FNDA:0,(anonymous_10)
FNDA:0,(anonymous_11)
FNDA:0,(anonymous_12)
FNDA:0,(anonymous_13)
FNDA:0,(anonymous_14)
DA:1,0
DA:2,0
DA:3,0
DA:4,0
DA:5,0
DA:8,0
DA:9,0
DA:11,0
DA:12,0
DA:13,0
DA:16,0
DA:17,0
DA:18,0
DA:21,0
DA:22,0
DA:25,0
DA:26,0
DA:29,0
DA:30,0
DA:34,0
DA:35,0
DA:38,0
DA:39,0
DA:40,0
DA:41,0
LF:25
LH:0
BRF:0
BRH:0
end_of_record
TN:
SF:src/restaurante/restaurante.service.ts
FN:15,(anonymous_4)
FN:23,(anonymous_5)
FN:38,(anonymous_6)
FN:53,(anonymous_7)
FN:57,(anonymous_8)
FN:78,(anonymous_9)
FNF:6
FNH:6
FNDA:9,(anonymous_4)
FNDA:1,(anonymous_5)
FNDA:2,(anonymous_6)
FNDA:1,(anonymous_7)
FNDA:2,(anonymous_8)
FNDA:3,(anonymous_9)
DA:1,1
DA:3,1
DA:4,1
DA:8,1
DA:9,1
DA:12,1
DA:13,9
DA:17,9
DA:20,9
DA:24,1
DA:27,1
DA:29,1
DA:32,1
DA:33,1
DA:35,0
DA:40,2
DA:44,2
DA:45,1
DA:50,1
DA:54,1
DA:62,2
DA:66,2
DA:67,1
DA:72,1
DA:80,3
DA:83,3
DA:84,1
DA:89,2
LF:28
LH:27
BRDA:27,0,0,1
BRDA:44,1,0,1
BRDA:66,2,0,1
BRDA:83,3,0,1
BRF:4
BRH:4
end_of_record
TN:
SF:src/shared/errors/business-errors.ts
FN:1,BusinessLogicException
FN:6,(anonymous_1)
FNF:2
FNH:2
FNDA:50,BusinessLogicException
FNDA:9,(anonymous_1)
DA:1,9
DA:2,50
DA:3,50
DA:6,9
DA:7,9
DA:8,9
DA:9,9
LF:7
LH:7
BRDA:6,0,0,9
BRDA:6,0,1,9
BRF:2
BRH:2
end_of_record
TN:
SF:src/shared/interceptors/business-errors.interceptor.ts
FN:14,(anonymous_1)
FN:16,(anonymous_2)
FNF:2
FNH:0
FNDA:0,(anonymous_1)
FNDA:0,(anonymous_2)
DA:1,0
DA:9,0
DA:10,0
DA:13,0
DA:15,0
DA:17,0
DA:18,0
DA:19,0
DA:20,0
DA:24,0
DA:25,0
DA:26,0
LF:12
LH:0
BRDA:17,0,0,0
BRDA:17,0,1,0
BRDA:19,1,0,0
BRDA:19,1,1,0
BRDA:24,2,0,0
BRDA:24,2,1,0
BRF:6
BRH:0
end_of_record
TN:
SF:src/shared/security/constants.ts
FNF:0
FNH:0
DA:1,1
DA:6,1
LF:2
LH:2
BRF:0
BRH:0
end_of_record
TN:
SF:src/shared/testing-utils/typeorm-testing-config.ts
FN:9,(anonymous_0)
FNF:1
FNH:1
FNDA:102,(anonymous_0)
DA:1,9
DA:2,9
DA:3,9
DA:4,9
DA:5,9
DA:6,9
DA:7,9
DA:9,102
LF:8
LH:8
BRF:0
BRH:0
end_of_record
TN:
SF:src/user/user.controller.ts
FN:7,(anonymous_4)
FN:10,(anonymous_5)
FNF:2
FNH:1
FNDA:1,(anonymous_4)
FNDA:0,(anonymous_5)
DA:1,1
DA:2,1
DA:3,1
DA:6,1
DA:7,1
DA:10,1
DA:11,0
LF:7
LH:6
BRF:0
BRH:0
end_of_record
TN:
SF:src/user/user.module.ts
FNF:0
FNH:0
DA:1,1
DA:2,1
DA:3,1
DA:4,1
DA:5,1
DA:11,1
LF:6
LH:6
BRF:0
BRH:0
end_of_record
TN:
SF:src/user/user.service.ts
FN:7,(anonymous_1)
FN:25,(anonymous_2)
FN:26,(anonymous_3)
FNF:3
FNH:1
FNDA:3,(anonymous_1)
FNDA:0,(anonymous_2)
FNDA:0,(anonymous_3)
DA:2,2
DA:3,2
DA:4,2
DA:7,2
DA:8,3
DA:26,0
LF:6
LH:5
BRF:0
BRH:0
end_of_record
TN:
SF:src/user/user.ts
FN:10,(anonymous_0)
FNF:1
FNH:1
FNDA:27,(anonymous_0)
DA:4,2
DA:11,27
DA:12,27
DA:13,27
DA:14,27
LF:5
LH:5
BRF:0
BRH:0
end_of_record
